11:02:27.867 [main                     ] DEBUG Logger               - Configured Logger
11:02:27.872 [main                     ] DEBUG GameApplication      - Logging settings
Title: Zombs
Version: 1.0
Width: 1000
Height: 1000
Fullscreen: false
Intro: false
Profiling: false
Single step:false
App Mode: DEVELOPER
Menu Key: ESCAPE
Stage Style: DECORATED
Scene Factory: class com.almasb.fxgl.app.scene.SceneFactory

11:02:28.871 [JavaFX Application Thread] DEBUG FXGLApplication      - Initializing FXGL
11:02:28.873 [JavaFX Application Thread] INFO  Engine               - FXGL-11.16 (25.05.2021 08.16) on MAC (J:20 FX:16)
11:02:28.874 [JavaFX Application Thread] DEBUG Engine               - JRE Vendor Name: Oracle Corporation
11:02:28.874 [JavaFX Application Thread] DEBUG Engine               - Running on OS: Mac OS X version 13.1
11:02:28.874 [JavaFX Application Thread] DEBUG Engine               - Architecture: x86_64
11:02:28.874 [JavaFX Application Thread] INFO  Engine               - Source code and latest versions at: https://github.com/AlmasB/FXGL
11:02:28.875 [JavaFX Application Thread] INFO  Engine               -              Join the FXGL chat at: https://gitter.im/AlmasB/FXGL
11:02:28.986 [JavaFX Application Thread] DEBUG PrimaryStageWindow   - Creating a JavaFX scene
11:02:28.986 [JavaFX Application Thread] DEBUG PrimaryStageWindow   - Target size > screen size
11:02:29.048 [JavaFX Application Thread] DEBUG PrimaryStageWindow   - Target settings size: 1000.0 x 1000.0
11:02:29.048 [JavaFX Application Thread] DEBUG PrimaryStageWindow   - Scaled scene size:    945.0 x 970.0
11:02:29.049 [JavaFX Application Thread] DEBUG PrimaryStageWindow   - Scaled ratio: (0.945, 0.97)
11:02:29.049 [JavaFX Application Thread] DEBUG PrimaryStageWindow   - Set initial scene to FXGLStartupScene
11:02:29.054 [JavaFX Application Thread] DEBUG PrimaryStageWindow   - Opening main window
11:02:29.506 [JavaFX Application Thread] DEBUG PrimaryStageWindow   - Window border size: (0.0, 28.0)
11:02:29.506 [JavaFX Application Thread] DEBUG PrimaryStageWindow   - Scaled size: 945.0 x 970.0
11:02:29.506 [JavaFX Application Thread] DEBUG PrimaryStageWindow   - Scaled ratio: (0.945, 0.97)
11:02:29.506 [JavaFX Application Thread] DEBUG PrimaryStageWindow   - Scene size: 945.0 x 970.0
11:02:29.507 [JavaFX Application Thread] DEBUG PrimaryStageWindow   - Stage size: 945.0 x 998.0
11:02:29.574 [FXGL Background Thread 1 ] DEBUG Engine               - Initializing environment variables
11:02:29.848 [FXGL Background Thread 1 ] DEBUG FXGLAssetLoaderServi - User app class for loading assets: class com.almasb.fxglgames.drop.DropApp
11:02:29.848 [FXGL Background Thread 1 ] DEBUG GameApplicationServi - Applying CSS: fxgl_dark.css
11:02:29.850 [FXGL Background Thread 1 ] DEBUG FXGLAssetLoaderServi - Loading from file system: jar:file:///Users/ayushkumarrai/.m2/repository/com/github/almasb/fxgl/11.16/fxgl-11.16.jar!/fxglassets/ui/css/fxgl_dark.css
11:02:29.933 [FXGL Background Thread 1 ] DEBUG GameApplicationServi - Initializing application scenes
11:02:30.175 [FXGL Background Thread 1 ] DEBUG GameWorld            - Game world initialized
11:02:30.229 [FXGL Background Thread 1 ] DEBUG PhysicsWorld         - Physics world initialized: appHeight=1000, physics.ppm=50.0
11:02:30.230 [FXGL Background Thread 1 ] DEBUG PhysicsWorld         - Using strategy: BRUTE_FORCE
11:02:30.236 [FXGL Background Thread 1 ] DEBUG GameScene            - Game scene initialized: 1000x1000
11:02:30.245 [FXGL Background Thread 1 ] DEBUG FXGL.DefaultMenu     - createMenuBodyGameMenu()
11:02:30.258 [FXGL Background Thread 1 ] DEBUG FXGL.DefaultMenu     - createOptionsMenu()
11:02:30.269 [FXGL Background Thread 1 ] DEBUG FXGLAssetLoaderServi - Loading from file system: jar:file:///Users/ayushkumarrai/.m2/repository/com/github/almasb/fxgl/11.16/fxgl-11.16.jar!/fxglassets/textures/particles/smoke.png
11:02:30.450 [FXGL Background Thread 1 ] DEBUG FXGLAssetLoaderServi - Loading from file system: jar:file:///Users/ayushkumarrai/.m2/repository/com/github/almasb/fxgl/11.16/fxgl-11.16.jar!/fxglassets/textures/particles/trace_horizontal.png
11:02:30.484 [FXGL Background Thread 1 ] DEBUG GameApplicationServi - Application scenes initialized
11:02:30.491 [FXGL Background Thread 1 ] DEBUG SystemBundleService  - Loading FXGL system data
11:02:30.499 [FXGL Background Thread 1 ] DEBUG FileSystemAccess     - Reading from: /Volumes/AYUSH DRIVE/School 2022-23/M359 AP CS Java A/CSA Final Project/system/fxgl.bundle
11:02:30.520 [FXGL Background Thread 1 ] DEBUG SystemBundleService  - Bundle FXGL: {}
11:02:30.520 [FXGL Background Thread 1 ] DEBUG UpdaterService       - Checking for updates
11:02:30.523 [FXGL Background Thread 4 ] DEBUG FXGLApplication      - Loading fonts
11:02:30.523 [FXGL Background Thread 1 ] DEBUG FXGLApplication      - Loading default localization
11:02:30.524 [FXGL Background Thread 4 ] DEBUG FXGLAssetLoaderServi - Loading from file system: jar:file:///Users/ayushkumarrai/.m2/repository/com/github/almasb/fxgl/11.16/fxgl-11.16.jar!/fxglassets/ui/fonts/VarelaRound-Regular.ttf
11:02:30.524 [FXGL Background Thread 1 ] DEBUG FXGLAssetLoaderServi - Loading from file system: jar:file:///Users/ayushkumarrai/.m2/repository/com/github/almasb/fxgl/11.16/fxgl-11.16.jar!/fxglassets/languages/english.lang
11:02:30.541 [FXGL Background Thread 1 ] INFO  FXGLApplication      - FXGL initialization took: 0.966 sec
11:02:30.542 [JavaFX Application Thread] DEBUG FXGLAssetLoaderServi - Loading from file system: jar:file:///Users/ayushkumarrai/.m2/repository/com/github/almasb/fxgl/11.16/fxgl-11.16.jar!/fxglassets/textures/fxgl_icon.png
11:02:30.554 [FXGL Background Thread 4 ] DEBUG FXGLAssetLoaderServi - Loading from file system: jar:file:///Users/ayushkumarrai/.m2/repository/com/github/almasb/fxgl/11.16/fxgl-11.16.jar!/fxglassets/ui/fonts/Abel-Regular.ttf
11:02:30.559 [FXGL Background Thread 4 ] DEBUG FXGLAssetLoaderServi - Loading from file system: jar:file:///Users/ayushkumarrai/.m2/repository/com/github/almasb/fxgl/11.16/fxgl-11.16.jar!/fxglassets/ui/fonts/lucida_console.ttf
11:02:30.562 [FXGL Background Thread 4 ] DEBUG FXGLAssetLoaderServi - Loading from file system: jar:file:///Users/ayushkumarrai/.m2/repository/com/github/almasb/fxgl/11.16/fxgl-11.16.jar!/fxglassets/ui/fonts/Courier-Prime.ttf
11:02:30.588 [JavaFX Application Thread] DEBUG FXGLAssetLoaderServi - Loading from file system: jar:file:///Users/ayushkumarrai/.m2/repository/com/github/almasb/fxgl/11.16/fxgl-11.16.jar!/fxglassets/textures/fxgl_default_cursor.png
11:02:30.601 [JavaFX Application Thread] DEBUG Input                - Registered new binding: Screenshot - CTRL+8
11:02:30.601 [JavaFX Application Thread] DEBUG Input                - Registered new binding: System info dump - CTRL+9
11:02:30.602 [JavaFX Application Thread] DEBUG Input                - Registered new binding: Restart - CTRL+R
11:02:30.602 [JavaFX Application Thread] DEBUG Input                - Registered new binding: Toggle Debug Camera - CTRL+C
11:02:30.604 [JavaFX Application Thread] DEBUG LoopRunner           - Starting loop
11:02:30.604 [JavaFX Application Thread] DEBUG LoopRunner           - Initializing JavaFX AnimationTimerLoop
11:02:30.605 [JavaFX Application Thread] DEBUG GameApplicationServi - Starting new game
11:02:30.605 [JavaFX Application Thread] DEBUG Input                - Clearing active input actions
11:02:30.637 [JavaFX Application Thread] DEBUG GameApplicationServi - Removing overlay from FXGLStartupScene and adding to FXGLLoadingScene
11:02:30.638 [JavaFX Application Thread] DEBUG PrimaryStageWindow   - FXGLStartupScene -> FXGLLoadingScene
11:02:30.638 [JavaFX Application Thread] DEBUG GameApplicationServi - Clearing previous game
11:02:30.638 [JavaFX Application Thread] DEBUG GameScene            - Clearing game scene
11:02:30.638 [JavaFX Application Thread] DEBUG GameWorld            - Clearing game world
11:02:30.638 [JavaFX Application Thread] DEBUG PhysicsWorld         - Clearing physics world
11:02:30.639 [FXGL Background Thread 4 ] DEBUG FXGLApplication      - Initializing game
11:02:30.664 [FXGL Background Thread 4 ] DEBUG FXGLAssetLoaderServi - Loading from file system: file:/Volumes/AYUSH%20DRIVE/School%202022-23/M359%20AP%20CS%20Java%20A/CSA%20Final%20Project/target/classes/assets/textures/bucket.png
11:02:30.677 [FXGL Background Thread 4 ] DEBUG FXGLAssetLoaderServi - Loading from file system: file:/Volumes/AYUSH%20DRIVE/School%202022-23/M359%20AP%20CS%20Java%20A/CSA%20Final%20Project/target/classes/assets/music/bgm.mp3
11:02:30.761 [JavaFX Application Thread] DEBUG FXGLApplication      - Registering font factories with UI factory
11:02:31.221 [FXGL Background Thread 4 ] DEBUG AudioPlayer          - Playing music com.almasb.fxgl.audio.Music@45e64329
11:02:31.259 [FXGL Background Thread 4 ] INFO  FXGLApplication      - Game initialization took: 0.617 sec
11:02:31.282 [JavaFX Application Thread] DEBUG Input                - Clearing active input actions
11:02:31.330 [JavaFX Application Thread] DEBUG GameApplicationServi - Removing overlay from FXGLLoadingScene and adding to GameScene
11:02:31.331 [JavaFX Application Thread] DEBUG PrimaryStageWindow   - FXGLLoadingScene -> GameScene
11:02:31.886 [FXGL Background Thread 2 ] INFO  UpdaterService       - Your current version:  11.16
11:02:31.888 [FXGL Background Thread 2 ] INFO  UpdaterService       - Latest stable version: 17.3
11:02:32.353 [JavaFX Application Thread] DEBUG FXGLAssetLoaderServi - Loading from file system: file:/Volumes/AYUSH%20DRIVE/School%202022-23/M359%20AP%20CS%20Java%20A/CSA%20Final%20Project/target/classes/assets/textures/droplet.png
11:02:33.527 [FXGL Background Thread 3 ] DEBUG Engine               - Logging environment variables
11:02:33.530 [FXGL Background Thread 3 ] DEBUG Engine               - achievements: []
11:02:33.532 [FXGL Background Thread 3 ] DEBUG Engine               - actualHeight: 970.0
11:02:33.533 [FXGL Background Thread 3 ] DEBUG Engine               - actualHeightProperty: ReadOnlyDoubleProperty [value: 970.0]
11:02:33.533 [FXGL Background Thread 3 ] DEBUG Engine               - actualWidth: 945.0
11:02:33.533 [FXGL Background Thread 3 ] DEBUG Engine               - actualWidthProperty: ReadOnlyDoubleProperty [value: 945.0]
11:02:33.534 [FXGL Background Thread 3 ] DEBUG Engine               - appIcon: fxgl_icon.png
11:02:33.534 [FXGL Background Thread 3 ] DEBUG Engine               - applicationMode: DEVELOPER
11:02:33.534 [FXGL Background Thread 3 ] DEBUG Engine               - cSSList: [fxgl_dark.css]
11:02:33.534 [FXGL Background Thread 3 ] DEBUG Engine               - collisionDetectionStrategy: BRUTE_FORCE
11:02:33.534 [FXGL Background Thread 3 ] DEBUG Engine               - configClass: Optional.empty
11:02:33.534 [FXGL Background Thread 3 ] DEBUG Engine               - credits: []
11:02:33.534 [FXGL Background Thread 3 ] DEBUG Engine               - defaultCursor: CursorInfo(imageName=fxgl_default_cursor.png, hotspotX=7.0, hotspotY=6.0)
11:02:33.535 [FXGL Background Thread 3 ] DEBUG Engine               - devBBoxColorProperty: ObjectProperty [value: 0xff0000ff]
11:02:33.536 [FXGL Background Thread 3 ] DEBUG Engine               - devEnableDebugCameraProperty: BooleanProperty [value: false]
11:02:33.536 [FXGL Background Thread 3 ] DEBUG Engine               - devSensorColorProperty: ObjectProperty [value: 0xffff00ff]
11:02:33.536 [FXGL Background Thread 3 ] DEBUG Engine               - devShowBBoxProperty: BooleanProperty [value: false]
11:02:33.536 [FXGL Background Thread 3 ] DEBUG Engine               - devShowPositionProperty: BooleanProperty [value: false]
11:02:33.536 [FXGL Background Thread 3 ] DEBUG Engine               - enabledMenuItems: []
11:02:33.537 [FXGL Background Thread 3 ] DEBUG Engine               - engineServices: [class com.almasb.fxgl.app.services.FXGLAssetLoaderService, class com.almasb.fxgl.app.FXGLApplication$GameApplicationService, class com.almasb.fxgl.app.services.FXGLDialogService, class com.almasb.fxgl.app.services.IOTaskExecutorService, class com.almasb.fxgl.io.FileSystemService, class com.almasb.fxgl.localization.LocalizationService, class com.almasb.fxgl.app.services.SystemBundleService, class com.almasb.fxgl.profile.SaveLoadService, class com.almasb.fxgl.ui.FXGLUIFactoryServiceProvider, class com.almasb.fxgl.ui.FXGLDialogFactoryServiceProvider, class com.almasb.fxgl.audio.AudioPlayer, class com.almasb.fxgl.notification.impl.NotificationServiceProvider, class com.almasb.fxgl.achievement.AchievementService, class com.almasb.fxgl.cutscene.CutsceneService, class com.almasb.fxgl.minigames.MiniGameService, class com.almasb.fxgl.net.NetService, class com.almasb.fxgl.app.services.UpdaterService, class com.almasb.fxgl.dev.DevService]
11:02:33.537 [FXGL Background Thread 3 ] DEBUG Engine               - fontGame: Abel-Regular.ttf
11:02:33.538 [FXGL Background Thread 3 ] DEBUG Engine               - fontMono: lucida_console.ttf
11:02:33.538 [FXGL Background Thread 3 ] DEBUG Engine               - fontText: Courier-Prime.ttf
11:02:33.539 [FXGL Background Thread 3 ] DEBUG Engine               - fontUI: VarelaRound-Regular.ttf
11:02:33.539 [FXGL Background Thread 3 ] DEBUG Engine               - fullScreen: BooleanProperty [value: false]
11:02:33.540 [FXGL Background Thread 3 ] DEBUG Engine               - gameDifficulty: MEDIUM
11:02:33.540 [FXGL Background Thread 3 ] DEBUG Engine               - gameDifficultyProperty: ObjectProperty [value: MEDIUM]
11:02:33.540 [FXGL Background Thread 3 ] DEBUG Engine               - globalMusicVolume: 0.5
11:02:33.540 [FXGL Background Thread 3 ] DEBUG Engine               - globalMusicVolumeProperty: DoubleProperty [value: 0.5]
11:02:33.540 [FXGL Background Thread 3 ] DEBUG Engine               - globalSoundVolume: 0.5
11:02:33.540 [FXGL Background Thread 3 ] DEBUG Engine               - globalSoundVolumeProperty: DoubleProperty [value: 0.5]
11:02:33.540 [FXGL Background Thread 3 ] DEBUG Engine               - height: 1000
11:02:33.540 [FXGL Background Thread 3 ] DEBUG Engine               - is3D: false
11:02:33.540 [FXGL Background Thread 3 ] DEBUG Engine               - isAndroid: false
11:02:33.540 [FXGL Background Thread 3 ] DEBUG Engine               - isBrowser: false
11:02:33.540 [FXGL Background Thread 3 ] DEBUG Engine               - isClickFeedbackEnabled: false
11:02:33.540 [FXGL Background Thread 3 ] DEBUG Engine               - isCloseConfirmation: false
11:02:33.540 [FXGL Background Thread 3 ] DEBUG Engine               - isDesktop: true
11:02:33.540 [FXGL Background Thread 3 ] DEBUG Engine               - isDeveloperMenuEnabled: false
11:02:33.540 [FXGL Background Thread 3 ] DEBUG Engine               - isEntityPreloadEnabled: true
11:02:33.540 [FXGL Background Thread 3 ] DEBUG Engine               - isExperimentalTiledLargeMap: false
11:02:33.540 [FXGL Background Thread 3 ] DEBUG Engine               - isFileSystemWriteAllowed: true
11:02:33.540 [FXGL Background Thread 3 ] DEBUG Engine               - isFullScreenAllowed: false
11:02:33.542 [FXGL Background Thread 3 ] DEBUG Engine               - isFullScreenFromStart: false
11:02:33.542 [FXGL Background Thread 3 ] DEBUG Engine               - isGameMenuEnabled: true
11:02:33.542 [FXGL Background Thread 3 ] DEBUG Engine               - isIOS: false
11:02:33.542 [FXGL Background Thread 3 ] DEBUG Engine               - isIntroEnabled: false
11:02:33.543 [FXGL Background Thread 3 ] DEBUG Engine               - isLinux: false
11:02:33.543 [FXGL Background Thread 3 ] DEBUG Engine               - isMac: true
11:02:33.543 [FXGL Background Thread 3 ] DEBUG Engine               - isMainMenuEnabled: false
11:02:33.543 [FXGL Background Thread 3 ] DEBUG Engine               - isManualResizeEnabled: false
11:02:33.543 [FXGL Background Thread 3 ] DEBUG Engine               - isMobile: false
11:02:33.543 [FXGL Background Thread 3 ] DEBUG Engine               - isNative: false
11:02:33.544 [FXGL Background Thread 3 ] DEBUG Engine               - isPreserveResizeRatio: false
11:02:33.545 [FXGL Background Thread 3 ] DEBUG Engine               - isProfilingEnabled: false
11:02:33.545 [FXGL Background Thread 3 ] DEBUG Engine               - isScaleAffectedOnResize: true
11:02:33.545 [FXGL Background Thread 3 ] DEBUG Engine               - isSingleStep: false
11:02:33.545 [FXGL Background Thread 3 ] DEBUG Engine               - isUserProfileEnabled: false
11:02:33.545 [FXGL Background Thread 3 ] DEBUG Engine               - isWindows: false
11:02:33.545 [FXGL Background Thread 3 ] DEBUG Engine               - language: ObjectProperty [value: ENGLISH]
11:02:33.545 [FXGL Background Thread 3 ] DEBUG Engine               - menuKey: ESCAPE
11:02:33.545 [FXGL Background Thread 3 ] DEBUG Engine               - mouseSensitivity: 0.2
11:02:33.545 [FXGL Background Thread 3 ] DEBUG Engine               - notificationViewClass: class com.almasb.fxgl.notification.view.XboxNotificationView
11:02:33.545 [FXGL Background Thread 3 ] DEBUG Engine               - pixelsPerMeter: 50.0
11:02:33.545 [FXGL Background Thread 3 ] DEBUG Engine               - platform: MAC
11:02:33.545 [FXGL Background Thread 3 ] DEBUG Engine               - prefHeightProperty: ReadOnlyDoubleProperty [value: 1000.0]
11:02:33.545 [FXGL Background Thread 3 ] DEBUG Engine               - prefWidthProperty: ReadOnlyDoubleProperty [value: 1000.0]
11:02:33.545 [FXGL Background Thread 3 ] DEBUG Engine               - profileDir: profiles/
11:02:33.546 [FXGL Background Thread 3 ] DEBUG Engine               - profileName: StringProperty [value: DEFAULT]
11:02:33.546 [FXGL Background Thread 3 ] DEBUG Engine               - randomSeed: -1
11:02:33.546 [FXGL Background Thread 3 ] DEBUG Engine               - runtimeInfo: RuntimeInfo(platform=MAC, version=11.16, build=25.05.2021 08.16)
11:02:33.546 [FXGL Background Thread 3 ] DEBUG Engine               - saveFileExt: sav
11:02:33.546 [FXGL Background Thread 3 ] DEBUG Engine               - scaledHeightProp$fxgl: DoubleProperty [bound, value: 970.0]
11:02:33.546 [FXGL Background Thread 3 ] DEBUG Engine               - scaledWidthProp$fxgl: DoubleProperty [bound, value: 945.0]
11:02:33.546 [FXGL Background Thread 3 ] DEBUG Engine               - sceneFactory: com.almasb.fxgl.app.scene.SceneFactory@129a9010
11:02:33.546 [FXGL Background Thread 3 ] DEBUG Engine               - secondsIn24h: 60
11:02:33.546 [FXGL Background Thread 3 ] DEBUG Engine               - soundMenuBack: menu/back.wav
11:02:33.546 [FXGL Background Thread 3 ] DEBUG Engine               - soundMenuPress: menu/press.wav
11:02:33.546 [FXGL Background Thread 3 ] DEBUG Engine               - soundMenuSelect: menu/select.wav
11:02:33.546 [FXGL Background Thread 3 ] DEBUG Engine               - soundNotification: core/notification.wav
11:02:33.546 [FXGL Background Thread 3 ] DEBUG Engine               - stageStyle: DECORATED
11:02:33.546 [FXGL Background Thread 3 ] DEBUG Engine               - supportedLanguages: [ENGLISH, FRENCH, GERMAN, HUNGARIAN, RUSSIAN]
11:02:33.546 [FXGL Background Thread 3 ] DEBUG Engine               - ticksPerSecond: -1
11:02:33.546 [FXGL Background Thread 3 ] DEBUG Engine               - title: Zombs
11:02:33.546 [FXGL Background Thread 3 ] DEBUG Engine               - urlGithub: https://github.com/AlmasB/FXGL
11:02:33.546 [FXGL Background Thread 3 ] DEBUG Engine               - urlLeaderboard: http://fxgl-top.herokuapp.com/
11:02:33.550 [FXGL Background Thread 3 ] DEBUG Engine               - urlPOM: https://raw.githubusercontent.com/AlmasB/FXGL/release/README.md
11:02:33.553 [FXGL Background Thread 3 ] DEBUG Engine               - userAppClass: class com.almasb.fxglgames.drop.DropApp
11:02:33.553 [FXGL Background Thread 3 ] DEBUG Engine               - version: 1.0
11:02:33.553 [FXGL Background Thread 3 ] DEBUG Engine               - versionCheckDays: 7
11:02:33.554 [FXGL Background Thread 3 ] DEBUG Engine               - width: 1000
11:02:33.554 [FXGL Background Thread 3 ] DEBUG Engine               - Logging services
11:02:33.554 [FXGL Background Thread 3 ] DEBUG Engine               - class com.almasb.fxgl.app.services.FXGLAssetLoaderService
11:02:33.554 [FXGL Background Thread 3 ] DEBUG Engine               - class com.almasb.fxgl.app.FXGLApplication$GameApplicationService
11:02:33.554 [FXGL Background Thread 3 ] DEBUG Engine               - class com.almasb.fxgl.app.services.FXGLDialogService
11:02:33.554 [FXGL Background Thread 3 ] DEBUG Engine               - class com.almasb.fxgl.app.services.IOTaskExecutorService
11:02:33.554 [FXGL Background Thread 3 ] DEBUG Engine               - class com.almasb.fxgl.io.FileSystemService
11:02:33.554 [FXGL Background Thread 3 ] DEBUG Engine               - class com.almasb.fxgl.localization.LocalizationService
11:02:33.554 [FXGL Background Thread 3 ] DEBUG Engine               - class com.almasb.fxgl.app.services.SystemBundleService
11:02:33.554 [FXGL Background Thread 3 ] DEBUG Engine               - class com.almasb.fxgl.profile.SaveLoadService
11:02:33.554 [FXGL Background Thread 3 ] DEBUG Engine               - class com.almasb.fxgl.ui.FXGLUIFactoryServiceProvider
11:02:33.554 [FXGL Background Thread 3 ] DEBUG Engine               - class com.almasb.fxgl.ui.FXGLDialogFactoryServiceProvider
11:02:33.554 [FXGL Background Thread 3 ] DEBUG Engine               - class com.almasb.fxgl.audio.AudioPlayer
11:02:33.554 [FXGL Background Thread 3 ] DEBUG Engine               - class com.almasb.fxgl.notification.impl.NotificationServiceProvider
11:02:33.554 [FXGL Background Thread 3 ] DEBUG Engine               - class com.almasb.fxgl.achievement.AchievementService
11:02:33.554 [FXGL Background Thread 3 ] DEBUG Engine               - class com.almasb.fxgl.cutscene.CutsceneService
11:02:33.554 [FXGL Background Thread 3 ] DEBUG Engine               - class com.almasb.fxgl.minigames.MiniGameService
11:02:33.554 [FXGL Background Thread 3 ] DEBUG Engine               - class com.almasb.fxgl.net.NetService
11:02:33.554 [FXGL Background Thread 3 ] DEBUG Engine               - class com.almasb.fxgl.app.services.UpdaterService
11:02:33.554 [FXGL Background Thread 3 ] DEBUG Engine               - class com.almasb.fxgl.dev.DevService
11:14:53.719 [JavaFX Application Thread] DEBUG FXGLAssetLoaderServi - Loading from file system: file:/Volumes/AYUSH%20DRIVE/School%202022-23/M359%20AP%20CS%20Java%20A/CSA%20Final%20Project/target/classes/assets/sounds/drop.wav
11:15:07.965 [JavaFX Application Thread] DEBUG FXGLApplication      - Exiting FXGL
11:15:07.967 [JavaFX Application Thread] DEBUG LoopRunner           - Stopping loop
11:15:07.967 [JavaFX Application Thread] DEBUG SystemBundleService  - Saving FXGL system data
11:15:08.000 [JavaFX Application Thread] DEBUG FileSystemAccess     - Writing to: /Volumes/AYUSH DRIVE/School 2022-23/M359 AP CS Java A/CSA Final Project/system/fxgl.bundle
11:15:08.031 [JavaFX Application Thread] DEBUG Async                - Shutting down background threads
11:15:08.036 [JavaFX Application Thread] DEBUG PrimaryStageWindow   - Closing main window
11:15:08.064 [JavaFX Application Thread] DEBUG Logger               - Closing Logger
