21:56:15.026 [main                     ] DEBUG Logger               - Configured Logger
21:56:15.036 [main                     ] DEBUG GameApplication      - Logging settings
Title: Zombs
Version: 1.0
Width: 1000
Height: 1000
Fullscreen: false
Intro: false
Profiling: false
Single step:false
App Mode: DEVELOPER
Menu Key: ESCAPE
Stage Style: DECORATED
Scene Factory: class com.almasb.fxgl.app.scene.SceneFactory

21:56:16.644 [JavaFX Application Thread] DEBUG FXGLApplication      - Initializing FXGL
21:56:16.647 [JavaFX Application Thread] INFO  Engine               - FXGL-11.16 (25.05.2021 08.16) on MAC (J:20 FX:16)
21:56:16.649 [JavaFX Application Thread] DEBUG Engine               - JRE Vendor Name: Oracle Corporation
21:56:16.650 [JavaFX Application Thread] DEBUG Engine               - Running on OS: Mac OS X version 13.1
21:56:16.650 [JavaFX Application Thread] DEBUG Engine               - Architecture: x86_64
21:56:16.650 [JavaFX Application Thread] INFO  Engine               - Source code and latest versions at: https://github.com/AlmasB/FXGL
21:56:16.650 [JavaFX Application Thread] INFO  Engine               -              Join the FXGL chat at: https://gitter.im/AlmasB/FXGL
21:56:16.861 [JavaFX Application Thread] DEBUG PrimaryStageWindow   - Creating a JavaFX scene
21:56:16.862 [JavaFX Application Thread] DEBUG PrimaryStageWindow   - Target size > screen size
21:56:17.124 [JavaFX Application Thread] DEBUG PrimaryStageWindow   - Target settings size: 1000.0 x 1000.0
21:56:17.125 [JavaFX Application Thread] DEBUG PrimaryStageWindow   - Scaled scene size:    850.0 x 875.0
21:56:17.126 [JavaFX Application Thread] DEBUG PrimaryStageWindow   - Scaled ratio: (0.85, 0.875)
21:56:17.128 [JavaFX Application Thread] DEBUG PrimaryStageWindow   - Set initial scene to FXGLStartupScene
21:56:17.143 [JavaFX Application Thread] DEBUG PrimaryStageWindow   - Opening main window
21:56:18.111 [JavaFX Application Thread] DEBUG PrimaryStageWindow   - Window border size: (0.0, 25.0)
21:56:18.113 [JavaFX Application Thread] DEBUG PrimaryStageWindow   - Scaled size: 850.0 x 875.0
21:56:18.113 [JavaFX Application Thread] DEBUG PrimaryStageWindow   - Scaled ratio: (0.85, 0.875)
21:56:18.113 [JavaFX Application Thread] DEBUG PrimaryStageWindow   - Scene size: 850.0 x 872.0
21:56:18.113 [JavaFX Application Thread] DEBUG PrimaryStageWindow   - Stage size: 850.0 x 900.0
21:56:18.163 [FXGL Background Thread 1 ] DEBUG Engine               - Initializing environment variables
21:56:18.843 [FXGL Background Thread 1 ] DEBUG FXGLAssetLoaderServi - User app class for loading assets: class com.almasb.fxglgames.drop.DropApp
21:56:18.844 [FXGL Background Thread 1 ] DEBUG GameApplicationServi - Applying CSS: fxgl_dark.css
21:56:18.846 [FXGL Background Thread 1 ] DEBUG FXGLAssetLoaderServi - Loading from file system: jar:file:///Users/ayushkumarrai/.m2/repository/com/github/almasb/fxgl/11.16/fxgl-11.16.jar!/fxglassets/ui/css/fxgl_dark.css
21:56:19.156 [FXGL Background Thread 1 ] DEBUG GameApplicationServi - Initializing application scenes
21:56:19.818 [FXGL Background Thread 1 ] DEBUG GameWorld            - Game world initialized
21:56:19.918 [FXGL Background Thread 1 ] DEBUG PhysicsWorld         - Physics world initialized: appHeight=1000, physics.ppm=50.0
21:56:19.921 [FXGL Background Thread 1 ] DEBUG PhysicsWorld         - Using strategy: BRUTE_FORCE
21:56:19.932 [FXGL Background Thread 1 ] DEBUG GameScene            - Game scene initialized: 1000x1000
21:56:19.948 [FXGL Background Thread 1 ] DEBUG FXGL.DefaultMenu     - createMenuBodyGameMenu()
21:56:19.974 [FXGL Background Thread 1 ] DEBUG FXGL.DefaultMenu     - createOptionsMenu()
21:56:19.993 [FXGL Background Thread 1 ] DEBUG FXGLAssetLoaderServi - Loading from file system: jar:file:///Users/ayushkumarrai/.m2/repository/com/github/almasb/fxgl/11.16/fxgl-11.16.jar!/fxglassets/textures/particles/smoke.png
21:56:20.270 [FXGL Background Thread 1 ] DEBUG FXGLAssetLoaderServi - Loading from file system: jar:file:///Users/ayushkumarrai/.m2/repository/com/github/almasb/fxgl/11.16/fxgl-11.16.jar!/fxglassets/textures/particles/trace_horizontal.png
21:56:20.319 [FXGL Background Thread 1 ] DEBUG GameApplicationServi - Application scenes initialized
21:56:20.331 [FXGL Background Thread 1 ] DEBUG SystemBundleService  - Loading FXGL system data
21:56:20.340 [FXGL Background Thread 1 ] DEBUG FileSystemAccess     - Reading from: /Volumes/AYUSH DRIVE/School 2022-23/M359 AP CS Java A/CSA Final Project/system/fxgl.bundle
21:56:20.368 [FXGL Background Thread 1 ] DEBUG SystemBundleService  - Bundle FXGL: {}
21:56:20.368 [FXGL Background Thread 1 ] DEBUG UpdaterService       - Checking for updates
21:56:20.373 [FXGL Background Thread 4 ] DEBUG FXGLApplication      - Loading fonts
21:56:20.374 [FXGL Background Thread 1 ] DEBUG FXGLApplication      - Loading default localization
21:56:20.374 [FXGL Background Thread 4 ] DEBUG FXGLAssetLoaderServi - Loading from file system: jar:file:///Users/ayushkumarrai/.m2/repository/com/github/almasb/fxgl/11.16/fxgl-11.16.jar!/fxglassets/ui/fonts/VarelaRound-Regular.ttf
21:56:20.375 [FXGL Background Thread 1 ] DEBUG FXGLAssetLoaderServi - Loading from file system: jar:file:///Users/ayushkumarrai/.m2/repository/com/github/almasb/fxgl/11.16/fxgl-11.16.jar!/fxglassets/languages/english.lang
21:56:20.416 [FXGL Background Thread 1 ] INFO  FXGLApplication      - FXGL initialization took: 2.251 sec
21:56:20.424 [JavaFX Application Thread] DEBUG FXGLAssetLoaderServi - Loading from file system: jar:file:///Users/ayushkumarrai/.m2/repository/com/github/almasb/fxgl/11.16/fxgl-11.16.jar!/fxglassets/textures/fxgl_icon.png
21:56:20.442 [FXGL Background Thread 4 ] DEBUG FXGLAssetLoaderServi - Loading from file system: jar:file:///Users/ayushkumarrai/.m2/repository/com/github/almasb/fxgl/11.16/fxgl-11.16.jar!/fxglassets/ui/fonts/Abel-Regular.ttf
21:56:20.454 [FXGL Background Thread 4 ] DEBUG FXGLAssetLoaderServi - Loading from file system: jar:file:///Users/ayushkumarrai/.m2/repository/com/github/almasb/fxgl/11.16/fxgl-11.16.jar!/fxglassets/ui/fonts/lucida_console.ttf
21:56:20.460 [FXGL Background Thread 4 ] DEBUG FXGLAssetLoaderServi - Loading from file system: jar:file:///Users/ayushkumarrai/.m2/repository/com/github/almasb/fxgl/11.16/fxgl-11.16.jar!/fxglassets/ui/fonts/Courier-Prime.ttf
21:56:20.496 [JavaFX Application Thread] DEBUG FXGLAssetLoaderServi - Loading from file system: jar:file:///Users/ayushkumarrai/.m2/repository/com/github/almasb/fxgl/11.16/fxgl-11.16.jar!/fxglassets/textures/fxgl_default_cursor.png
21:56:20.517 [JavaFX Application Thread] DEBUG Input                - Registered new binding: Screenshot - CTRL+8
21:56:20.517 [JavaFX Application Thread] DEBUG Input                - Registered new binding: System info dump - CTRL+9
21:56:20.518 [JavaFX Application Thread] DEBUG Input                - Registered new binding: Restart - CTRL+R
21:56:20.518 [JavaFX Application Thread] DEBUG Input                - Registered new binding: Toggle Debug Camera - CTRL+C
21:56:20.521 [JavaFX Application Thread] DEBUG LoopRunner           - Starting loop
21:56:20.522 [JavaFX Application Thread] DEBUG LoopRunner           - Initializing JavaFX AnimationTimerLoop
21:56:20.523 [JavaFX Application Thread] DEBUG GameApplicationServi - Starting new game
21:56:20.527 [JavaFX Application Thread] DEBUG Input                - Clearing active input actions
21:56:20.624 [JavaFX Application Thread] DEBUG GameApplicationServi - Removing overlay from FXGLStartupScene and adding to FXGLLoadingScene
21:56:20.638 [JavaFX Application Thread] DEBUG PrimaryStageWindow   - FXGLStartupScene -> FXGLLoadingScene
21:56:20.638 [JavaFX Application Thread] DEBUG GameApplicationServi - Clearing previous game
21:56:20.638 [JavaFX Application Thread] DEBUG GameScene            - Clearing game scene
21:56:20.638 [JavaFX Application Thread] DEBUG GameWorld            - Clearing game world
21:56:20.639 [JavaFX Application Thread] DEBUG PhysicsWorld         - Clearing physics world
21:56:20.643 [FXGL Background Thread 4 ] DEBUG FXGLApplication      - Initializing game
21:56:20.892 [FXGL Background Thread 4 ] DEBUG FXGLAssetLoaderServi - Loading from file system: file:/Volumes/AYUSH%20DRIVE/School%202022-23/M359%20AP%20CS%20Java%20A/CSA%20Final%20Project/target/classes/assets/textures/bucket.png
21:56:20.958 [JavaFX Application Thread] DEBUG FXGLApplication      - Registering font factories with UI factory
21:56:21.031 [FXGL Background Thread 4 ] DEBUG FXGLAssetLoaderServi - Loading from file system: file:/Volumes/AYUSH%20DRIVE/School%202022-23/M359%20AP%20CS%20Java%20A/CSA%20Final%20Project/target/classes/assets/music/bgm.mp3
21:56:23.160 [FXGL Background Thread 4 ] DEBUG AudioPlayer          - Playing music com.almasb.fxgl.audio.Music@6e71108e
21:56:23.252 [FXGL Background Thread 4 ] INFO  FXGLApplication      - Game initialization took: 2.605 sec
21:56:23.309 [JavaFX Application Thread] DEBUG Input                - Clearing active input actions
21:56:23.377 [FXGL Background Thread 3 ] DEBUG Engine               - Logging environment variables
21:56:23.381 [FXGL Background Thread 3 ] DEBUG Engine               - achievements: []
21:56:23.381 [FXGL Background Thread 3 ] DEBUG Engine               - actualHeight: 875.0
21:56:23.381 [FXGL Background Thread 3 ] DEBUG Engine               - actualHeightProperty: ReadOnlyDoubleProperty [value: 875.0]
21:56:23.381 [FXGL Background Thread 3 ] DEBUG Engine               - actualWidth: 850.0
21:56:23.381 [FXGL Background Thread 3 ] DEBUG Engine               - actualWidthProperty: ReadOnlyDoubleProperty [value: 850.0]
21:56:23.381 [FXGL Background Thread 3 ] DEBUG Engine               - appIcon: fxgl_icon.png
21:56:23.381 [FXGL Background Thread 3 ] DEBUG Engine               - applicationMode: DEVELOPER
21:56:23.381 [FXGL Background Thread 3 ] DEBUG Engine               - cSSList: [fxgl_dark.css]
21:56:23.381 [FXGL Background Thread 3 ] DEBUG Engine               - collisionDetectionStrategy: BRUTE_FORCE
21:56:23.381 [FXGL Background Thread 3 ] DEBUG Engine               - configClass: Optional.empty
21:56:23.382 [FXGL Background Thread 3 ] DEBUG Engine               - credits: []
21:56:23.382 [FXGL Background Thread 3 ] DEBUG Engine               - defaultCursor: CursorInfo(imageName=fxgl_default_cursor.png, hotspotX=7.0, hotspotY=6.0)
21:56:23.384 [FXGL Background Thread 3 ] DEBUG Engine               - devBBoxColorProperty: ObjectProperty [value: 0xff0000ff]
21:56:23.385 [FXGL Background Thread 3 ] DEBUG Engine               - devEnableDebugCameraProperty: BooleanProperty [value: false]
21:56:23.385 [FXGL Background Thread 3 ] DEBUG Engine               - devSensorColorProperty: ObjectProperty [value: 0xffff00ff]
21:56:23.385 [FXGL Background Thread 3 ] DEBUG Engine               - devShowBBoxProperty: BooleanProperty [value: false]
21:56:23.385 [FXGL Background Thread 3 ] DEBUG Engine               - devShowPositionProperty: BooleanProperty [value: false]
21:56:23.385 [FXGL Background Thread 3 ] DEBUG Engine               - enabledMenuItems: []
21:56:23.386 [FXGL Background Thread 3 ] DEBUG Engine               - engineServices: [class com.almasb.fxgl.app.services.FXGLAssetLoaderService, class com.almasb.fxgl.app.FXGLApplication$GameApplicationService, class com.almasb.fxgl.app.services.FXGLDialogService, class com.almasb.fxgl.app.services.IOTaskExecutorService, class com.almasb.fxgl.io.FileSystemService, class com.almasb.fxgl.localization.LocalizationService, class com.almasb.fxgl.app.services.SystemBundleService, class com.almasb.fxgl.profile.SaveLoadService, class com.almasb.fxgl.ui.FXGLUIFactoryServiceProvider, class com.almasb.fxgl.ui.FXGLDialogFactoryServiceProvider, class com.almasb.fxgl.audio.AudioPlayer, class com.almasb.fxgl.notification.impl.NotificationServiceProvider, class com.almasb.fxgl.achievement.AchievementService, class com.almasb.fxgl.cutscene.CutsceneService, class com.almasb.fxgl.minigames.MiniGameService, class com.almasb.fxgl.net.NetService, class com.almasb.fxgl.app.services.UpdaterService, class com.almasb.fxgl.dev.DevService]
21:56:23.387 [FXGL Background Thread 3 ] DEBUG Engine               - fontGame: Abel-Regular.ttf
21:56:23.387 [FXGL Background Thread 3 ] DEBUG Engine               - fontMono: lucida_console.ttf
21:56:23.387 [FXGL Background Thread 3 ] DEBUG Engine               - fontText: Courier-Prime.ttf
21:56:23.389 [FXGL Background Thread 3 ] DEBUG Engine               - fontUI: VarelaRound-Regular.ttf
21:56:23.390 [FXGL Background Thread 3 ] DEBUG Engine               - fullScreen: BooleanProperty [value: false]
21:56:23.392 [FXGL Background Thread 3 ] DEBUG Engine               - gameDifficulty: MEDIUM
21:56:23.393 [FXGL Background Thread 3 ] DEBUG Engine               - gameDifficultyProperty: ObjectProperty [value: MEDIUM]
21:56:23.402 [FXGL Background Thread 3 ] DEBUG Engine               - globalMusicVolume: 0.5
21:56:23.403 [FXGL Background Thread 3 ] DEBUG Engine               - globalMusicVolumeProperty: DoubleProperty [value: 0.5]
21:56:23.405 [FXGL Background Thread 3 ] DEBUG Engine               - globalSoundVolume: 0.5
21:56:23.407 [FXGL Background Thread 3 ] DEBUG Engine               - globalSoundVolumeProperty: DoubleProperty [value: 0.5]
21:56:23.407 [FXGL Background Thread 3 ] DEBUG Engine               - height: 1000
21:56:23.407 [FXGL Background Thread 3 ] DEBUG Engine               - is3D: false
21:56:23.407 [FXGL Background Thread 3 ] DEBUG Engine               - isAndroid: false
21:56:23.407 [FXGL Background Thread 3 ] DEBUG Engine               - isBrowser: false
21:56:23.407 [FXGL Background Thread 3 ] DEBUG Engine               - isClickFeedbackEnabled: false
21:56:23.407 [FXGL Background Thread 3 ] DEBUG Engine               - isCloseConfirmation: false
21:56:23.407 [FXGL Background Thread 3 ] DEBUG Engine               - isDesktop: true
21:56:23.407 [FXGL Background Thread 3 ] DEBUG Engine               - isDeveloperMenuEnabled: false
21:56:23.407 [FXGL Background Thread 3 ] DEBUG Engine               - isEntityPreloadEnabled: true
21:56:23.407 [FXGL Background Thread 3 ] DEBUG Engine               - isExperimentalTiledLargeMap: false
21:56:23.407 [FXGL Background Thread 3 ] DEBUG Engine               - isFileSystemWriteAllowed: true
21:56:23.407 [FXGL Background Thread 3 ] DEBUG Engine               - isFullScreenAllowed: false
21:56:23.407 [FXGL Background Thread 3 ] DEBUG Engine               - isFullScreenFromStart: false
21:56:23.407 [FXGL Background Thread 3 ] DEBUG Engine               - isGameMenuEnabled: true
21:56:23.408 [FXGL Background Thread 3 ] DEBUG Engine               - isIOS: false
21:56:23.408 [FXGL Background Thread 3 ] DEBUG Engine               - isIntroEnabled: false
21:56:23.408 [FXGL Background Thread 3 ] DEBUG Engine               - isLinux: false
21:56:23.419 [FXGL Background Thread 3 ] DEBUG Engine               - isMac: true
21:56:23.424 [FXGL Background Thread 3 ] DEBUG Engine               - isMainMenuEnabled: false
21:56:23.424 [FXGL Background Thread 3 ] DEBUG Engine               - isManualResizeEnabled: false
21:56:23.424 [FXGL Background Thread 3 ] DEBUG Engine               - isMobile: false
21:56:23.425 [FXGL Background Thread 3 ] DEBUG Engine               - isNative: false
21:56:23.425 [FXGL Background Thread 3 ] DEBUG Engine               - isPreserveResizeRatio: false
21:56:23.425 [FXGL Background Thread 3 ] DEBUG Engine               - isProfilingEnabled: false
21:56:23.425 [FXGL Background Thread 3 ] DEBUG Engine               - isScaleAffectedOnResize: true
21:56:23.425 [FXGL Background Thread 3 ] DEBUG Engine               - isSingleStep: false
21:56:23.425 [FXGL Background Thread 3 ] DEBUG Engine               - isUserProfileEnabled: false
21:56:23.425 [FXGL Background Thread 3 ] DEBUG Engine               - isWindows: false
21:56:23.425 [FXGL Background Thread 3 ] DEBUG Engine               - language: ObjectProperty [value: ENGLISH]
21:56:23.425 [FXGL Background Thread 3 ] DEBUG Engine               - menuKey: ESCAPE
21:56:23.425 [FXGL Background Thread 3 ] DEBUG Engine               - mouseSensitivity: 0.2
21:56:23.426 [FXGL Background Thread 3 ] DEBUG Engine               - notificationViewClass: class com.almasb.fxgl.notification.view.XboxNotificationView
21:56:23.426 [FXGL Background Thread 3 ] DEBUG Engine               - pixelsPerMeter: 50.0
21:56:23.447 [FXGL Background Thread 3 ] DEBUG Engine               - platform: MAC
21:56:23.454 [FXGL Background Thread 3 ] DEBUG Engine               - prefHeightProperty: ReadOnlyDoubleProperty [value: 1000.0]
21:56:23.455 [FXGL Background Thread 3 ] DEBUG Engine               - prefWidthProperty: ReadOnlyDoubleProperty [value: 1000.0]
21:56:23.455 [FXGL Background Thread 3 ] DEBUG Engine               - profileDir: profiles/
21:56:23.455 [FXGL Background Thread 3 ] DEBUG Engine               - profileName: StringProperty [value: DEFAULT]
21:56:23.457 [FXGL Background Thread 3 ] DEBUG Engine               - randomSeed: -1
21:56:23.458 [FXGL Background Thread 3 ] DEBUG Engine               - runtimeInfo: RuntimeInfo(platform=MAC, version=11.16, build=25.05.2021 08.16)
21:56:23.458 [FXGL Background Thread 3 ] DEBUG Engine               - saveFileExt: sav
21:56:23.458 [FXGL Background Thread 3 ] DEBUG Engine               - scaledHeightProp$fxgl: DoubleProperty [bound, value: 875.0]
21:56:23.458 [FXGL Background Thread 3 ] DEBUG Engine               - scaledWidthProp$fxgl: DoubleProperty [bound, value: 850.0]
21:56:23.458 [FXGL Background Thread 3 ] DEBUG Engine               - sceneFactory: com.almasb.fxgl.app.scene.SceneFactory@5f444db4
21:56:23.458 [FXGL Background Thread 3 ] DEBUG Engine               - secondsIn24h: 60
21:56:23.458 [JavaFX Application Thread] DEBUG GameApplicationServi - Removing overlay from FXGLLoadingScene and adding to GameScene
21:56:23.458 [FXGL Background Thread 3 ] DEBUG Engine               - soundMenuBack: menu/back.wav
21:56:23.459 [FXGL Background Thread 3 ] DEBUG Engine               - soundMenuPress: menu/press.wav
21:56:23.468 [FXGL Background Thread 3 ] DEBUG Engine               - soundMenuSelect: menu/select.wav
21:56:23.468 [FXGL Background Thread 3 ] DEBUG Engine               - soundNotification: core/notification.wav
21:56:23.468 [JavaFX Application Thread] DEBUG PrimaryStageWindow   - FXGLLoadingScene -> GameScene
21:56:23.468 [FXGL Background Thread 3 ] DEBUG Engine               - stageStyle: DECORATED
21:56:23.468 [FXGL Background Thread 3 ] DEBUG Engine               - supportedLanguages: [ENGLISH, FRENCH, GERMAN, HUNGARIAN, RUSSIAN]
21:56:23.468 [FXGL Background Thread 3 ] DEBUG Engine               - ticksPerSecond: -1
21:56:23.469 [FXGL Background Thread 3 ] DEBUG Engine               - title: Zombs
21:56:23.469 [FXGL Background Thread 3 ] DEBUG Engine               - urlGithub: https://github.com/AlmasB/FXGL
21:56:23.469 [FXGL Background Thread 3 ] DEBUG Engine               - urlLeaderboard: http://fxgl-top.herokuapp.com/
21:56:23.469 [FXGL Background Thread 3 ] DEBUG Engine               - urlPOM: https://raw.githubusercontent.com/AlmasB/FXGL/release/README.md
21:56:23.469 [FXGL Background Thread 3 ] DEBUG Engine               - userAppClass: class com.almasb.fxglgames.drop.DropApp
21:56:23.469 [FXGL Background Thread 3 ] DEBUG Engine               - version: 1.0
21:56:23.469 [FXGL Background Thread 3 ] DEBUG Engine               - versionCheckDays: 7
21:56:23.469 [FXGL Background Thread 3 ] DEBUG Engine               - width: 1000
21:56:23.469 [FXGL Background Thread 3 ] DEBUG Engine               - Logging services
21:56:23.469 [FXGL Background Thread 3 ] DEBUG Engine               - class com.almasb.fxgl.app.services.FXGLAssetLoaderService
21:56:23.470 [FXGL Background Thread 3 ] DEBUG Engine               - class com.almasb.fxgl.app.FXGLApplication$GameApplicationService
21:56:23.470 [FXGL Background Thread 3 ] DEBUG Engine               - class com.almasb.fxgl.app.services.FXGLDialogService
21:56:23.470 [FXGL Background Thread 3 ] DEBUG Engine               - class com.almasb.fxgl.app.services.IOTaskExecutorService
21:56:23.470 [FXGL Background Thread 3 ] DEBUG Engine               - class com.almasb.fxgl.io.FileSystemService
21:56:23.470 [FXGL Background Thread 3 ] DEBUG Engine               - class com.almasb.fxgl.localization.LocalizationService
21:56:23.470 [FXGL Background Thread 3 ] DEBUG Engine               - class com.almasb.fxgl.app.services.SystemBundleService
21:56:23.470 [FXGL Background Thread 3 ] DEBUG Engine               - class com.almasb.fxgl.profile.SaveLoadService
21:56:23.470 [FXGL Background Thread 3 ] DEBUG Engine               - class com.almasb.fxgl.ui.FXGLUIFactoryServiceProvider
21:56:23.470 [FXGL Background Thread 3 ] DEBUG Engine               - class com.almasb.fxgl.ui.FXGLDialogFactoryServiceProvider
21:56:23.470 [FXGL Background Thread 3 ] DEBUG Engine               - class com.almasb.fxgl.audio.AudioPlayer
21:56:23.470 [FXGL Background Thread 3 ] DEBUG Engine               - class com.almasb.fxgl.notification.impl.NotificationServiceProvider
21:56:23.470 [FXGL Background Thread 3 ] DEBUG Engine               - class com.almasb.fxgl.achievement.AchievementService
21:56:23.470 [FXGL Background Thread 3 ] DEBUG Engine               - class com.almasb.fxgl.cutscene.CutsceneService
21:56:23.470 [FXGL Background Thread 3 ] DEBUG Engine               - class com.almasb.fxgl.minigames.MiniGameService
21:56:23.470 [FXGL Background Thread 3 ] DEBUG Engine               - class com.almasb.fxgl.net.NetService
21:56:23.470 [FXGL Background Thread 3 ] DEBUG Engine               - class com.almasb.fxgl.app.services.UpdaterService
21:56:23.470 [FXGL Background Thread 3 ] DEBUG Engine               - class com.almasb.fxgl.dev.DevService
21:56:23.597 [FXGL Background Thread 2 ] INFO  UpdaterService       - Your current version:  11.16
21:56:23.604 [FXGL Background Thread 2 ] INFO  UpdaterService       - Latest stable version: 17.3
21:56:24.026 [JavaFX Application Thread] DEBUG FXGLAssetLoaderServi - Loading from file system: file:/Volumes/AYUSH%20DRIVE/School%202022-23/M359%20AP%20CS%20Java%20A/CSA%20Final%20Project/target/classes/assets/textures/droplet.png
21:56:32.418 [JavaFX Application Thread] DEBUG FXGLAssetLoaderServi - Loading from file system: file:/Volumes/AYUSH%20DRIVE/School%202022-23/M359%20AP%20CS%20Java%20A/CSA%20Final%20Project/target/classes/assets/sounds/drop.wav
21:57:04.295 [JavaFX Application Thread] DEBUG FXGLApplication      - Exiting FXGL
21:57:04.299 [JavaFX Application Thread] DEBUG LoopRunner           - Stopping loop
21:57:04.300 [JavaFX Application Thread] DEBUG SystemBundleService  - Saving FXGL system data
21:57:04.322 [JavaFX Application Thread] DEBUG FileSystemAccess     - Writing to: /Volumes/AYUSH DRIVE/School 2022-23/M359 AP CS Java A/CSA Final Project/system/fxgl.bundle
21:57:04.352 [JavaFX Application Thread] DEBUG Async                - Shutting down background threads
21:57:04.353 [JavaFX Application Thread] DEBUG PrimaryStageWindow   - Closing main window
21:57:04.389 [JavaFX Application Thread] DEBUG Logger               - Closing Logger
