22:21:57.040 [main                     ] DEBUG Logger               - Configured Logger
22:21:57.048 [main                     ] DEBUG GameApplication      - Logging settings
Title: Zombs
Version: 1.0
Width: 1000
Height: 1000
Fullscreen: false
Intro: false
Profiling: false
Single step:false
App Mode: DEVELOPER
Menu Key: ESCAPE
Stage Style: DECORATED
Scene Factory: class com.almasb.fxgl.app.scene.SceneFactory

22:21:58.693 [JavaFX Application Thread] DEBUG FXGLApplication      - Initializing FXGL
22:21:58.698 [JavaFX Application Thread] INFO  Engine               - FXGL-11.16 (25.05.2021 08.16) on MAC (J:20 FX:16)
22:21:58.739 [JavaFX Application Thread] DEBUG Engine               - JRE Vendor Name: Oracle Corporation
22:21:58.740 [JavaFX Application Thread] DEBUG Engine               - Running on OS: Mac OS X version 13.1
22:21:58.740 [JavaFX Application Thread] DEBUG Engine               - Architecture: x86_64
22:21:58.740 [JavaFX Application Thread] INFO  Engine               - Source code and latest versions at: https://github.com/AlmasB/FXGL
22:21:58.741 [JavaFX Application Thread] INFO  Engine               -              Join the FXGL chat at: https://gitter.im/AlmasB/FXGL
22:21:59.073 [JavaFX Application Thread] DEBUG PrimaryStageWindow   - Creating a JavaFX scene
22:21:59.077 [JavaFX Application Thread] DEBUG PrimaryStageWindow   - Target size > screen size
22:21:59.216 [JavaFX Application Thread] DEBUG PrimaryStageWindow   - Target settings size: 1000.0 x 1000.0
22:21:59.217 [JavaFX Application Thread] DEBUG PrimaryStageWindow   - Scaled scene size:    850.0 x 875.0
22:21:59.217 [JavaFX Application Thread] DEBUG PrimaryStageWindow   - Scaled ratio: (0.85, 0.875)
22:21:59.219 [JavaFX Application Thread] DEBUG PrimaryStageWindow   - Set initial scene to FXGLStartupScene
22:21:59.229 [JavaFX Application Thread] DEBUG PrimaryStageWindow   - Opening main window
22:22:00.144 [JavaFX Application Thread] DEBUG PrimaryStageWindow   - Window border size: (0.0, 25.0)
22:22:00.145 [JavaFX Application Thread] DEBUG PrimaryStageWindow   - Scaled size: 850.0 x 875.0
22:22:00.147 [JavaFX Application Thread] DEBUG PrimaryStageWindow   - Scaled ratio: (0.85, 0.875)
22:22:00.147 [JavaFX Application Thread] DEBUG PrimaryStageWindow   - Scene size: 850.0 x 872.0
22:22:00.147 [JavaFX Application Thread] DEBUG PrimaryStageWindow   - Stage size: 850.0 x 900.0
22:22:00.185 [FXGL Background Thread 1 ] DEBUG Engine               - Initializing environment variables
22:22:00.782 [FXGL Background Thread 1 ] DEBUG FXGLAssetLoaderServi - User app class for loading assets: class com.almasb.fxglgames.drop.DropApp
22:22:00.783 [FXGL Background Thread 1 ] DEBUG GameApplicationServi - Applying CSS: fxgl_dark.css
22:22:00.790 [FXGL Background Thread 1 ] DEBUG FXGLAssetLoaderServi - Loading from file system: jar:file:///Users/ayushkumarrai/.m2/repository/com/github/almasb/fxgl/11.16/fxgl-11.16.jar!/fxglassets/ui/css/fxgl_dark.css
22:22:01.081 [FXGL Background Thread 1 ] DEBUG GameApplicationServi - Initializing application scenes
22:22:01.561 [FXGL Background Thread 1 ] DEBUG GameWorld            - Game world initialized
22:22:01.663 [FXGL Background Thread 1 ] DEBUG PhysicsWorld         - Physics world initialized: appHeight=1000, physics.ppm=50.0
22:22:01.665 [FXGL Background Thread 1 ] DEBUG PhysicsWorld         - Using strategy: BRUTE_FORCE
22:22:01.679 [FXGL Background Thread 1 ] DEBUG GameScene            - Game scene initialized: 1000x1000
22:22:01.696 [FXGL Background Thread 1 ] DEBUG FXGL.DefaultMenu     - createMenuBodyGameMenu()
22:22:01.725 [FXGL Background Thread 1 ] DEBUG FXGL.DefaultMenu     - createOptionsMenu()
22:22:01.751 [FXGL Background Thread 1 ] DEBUG FXGLAssetLoaderServi - Loading from file system: jar:file:///Users/ayushkumarrai/.m2/repository/com/github/almasb/fxgl/11.16/fxgl-11.16.jar!/fxglassets/textures/particles/smoke.png
22:22:02.042 [FXGL Background Thread 1 ] DEBUG FXGLAssetLoaderServi - Loading from file system: jar:file:///Users/ayushkumarrai/.m2/repository/com/github/almasb/fxgl/11.16/fxgl-11.16.jar!/fxglassets/textures/particles/trace_horizontal.png
22:22:02.100 [FXGL Background Thread 1 ] DEBUG GameApplicationServi - Application scenes initialized
22:22:02.123 [FXGL Background Thread 1 ] DEBUG SystemBundleService  - Loading FXGL system data
22:22:02.138 [FXGL Background Thread 1 ] DEBUG FileSystemAccess     - Reading from: /Volumes/AYUSH DRIVE/School 2022-23/M359 AP CS Java A/CSA Final Project/system/fxgl.bundle
22:22:02.169 [FXGL Background Thread 1 ] DEBUG SystemBundleService  - Bundle FXGL: {}
22:22:02.169 [FXGL Background Thread 1 ] DEBUG UpdaterService       - Checking for updates
22:22:02.175 [FXGL Background Thread 4 ] DEBUG FXGLApplication      - Loading fonts
22:22:02.176 [FXGL Background Thread 1 ] DEBUG FXGLApplication      - Loading default localization
22:22:02.178 [FXGL Background Thread 4 ] DEBUG FXGLAssetLoaderServi - Loading from file system: jar:file:///Users/ayushkumarrai/.m2/repository/com/github/almasb/fxgl/11.16/fxgl-11.16.jar!/fxglassets/ui/fonts/VarelaRound-Regular.ttf
22:22:02.178 [FXGL Background Thread 1 ] DEBUG FXGLAssetLoaderServi - Loading from file system: jar:file:///Users/ayushkumarrai/.m2/repository/com/github/almasb/fxgl/11.16/fxgl-11.16.jar!/fxglassets/languages/english.lang
22:22:02.205 [FXGL Background Thread 1 ] INFO  FXGLApplication      - FXGL initialization took: 2.019 sec
22:22:02.210 [JavaFX Application Thread] DEBUG FXGLAssetLoaderServi - Loading from file system: jar:file:///Users/ayushkumarrai/.m2/repository/com/github/almasb/fxgl/11.16/fxgl-11.16.jar!/fxglassets/textures/fxgl_icon.png
22:22:02.244 [FXGL Background Thread 4 ] DEBUG FXGLAssetLoaderServi - Loading from file system: jar:file:///Users/ayushkumarrai/.m2/repository/com/github/almasb/fxgl/11.16/fxgl-11.16.jar!/fxglassets/ui/fonts/Abel-Regular.ttf
22:22:02.253 [FXGL Background Thread 4 ] DEBUG FXGLAssetLoaderServi - Loading from file system: jar:file:///Users/ayushkumarrai/.m2/repository/com/github/almasb/fxgl/11.16/fxgl-11.16.jar!/fxglassets/ui/fonts/lucida_console.ttf
22:22:02.258 [FXGL Background Thread 4 ] DEBUG FXGLAssetLoaderServi - Loading from file system: jar:file:///Users/ayushkumarrai/.m2/repository/com/github/almasb/fxgl/11.16/fxgl-11.16.jar!/fxglassets/ui/fonts/Courier-Prime.ttf
22:22:02.304 [JavaFX Application Thread] DEBUG FXGLAssetLoaderServi - Loading from file system: jar:file:///Users/ayushkumarrai/.m2/repository/com/github/almasb/fxgl/11.16/fxgl-11.16.jar!/fxglassets/textures/fxgl_default_cursor.png
22:22:02.333 [JavaFX Application Thread] DEBUG Input                - Registered new binding: Screenshot - CTRL+8
22:22:02.335 [JavaFX Application Thread] DEBUG Input                - Registered new binding: System info dump - CTRL+9
22:22:02.336 [JavaFX Application Thread] DEBUG Input                - Registered new binding: Restart - CTRL+R
22:22:02.336 [JavaFX Application Thread] DEBUG Input                - Registered new binding: Toggle Debug Camera - CTRL+C
22:22:02.341 [JavaFX Application Thread] DEBUG LoopRunner           - Starting loop
22:22:02.341 [JavaFX Application Thread] DEBUG LoopRunner           - Initializing JavaFX AnimationTimerLoop
22:22:02.342 [JavaFX Application Thread] DEBUG GameApplicationServi - Starting new game
22:22:02.346 [JavaFX Application Thread] DEBUG Input                - Clearing active input actions
22:22:02.414 [JavaFX Application Thread] DEBUG GameApplicationServi - Removing overlay from FXGLStartupScene and adding to FXGLLoadingScene
22:22:02.416 [JavaFX Application Thread] DEBUG PrimaryStageWindow   - FXGLStartupScene -> FXGLLoadingScene
22:22:02.416 [JavaFX Application Thread] DEBUG GameApplicationServi - Clearing previous game
22:22:02.416 [JavaFX Application Thread] DEBUG GameScene            - Clearing game scene
22:22:02.416 [JavaFX Application Thread] DEBUG GameWorld            - Clearing game world
22:22:02.416 [JavaFX Application Thread] DEBUG PhysicsWorld         - Clearing physics world
22:22:02.420 [FXGL Background Thread 4 ] DEBUG FXGLApplication      - Initializing game
22:22:02.514 [FXGL Background Thread 4 ] DEBUG FXGLAssetLoaderServi - Loading from file system: file:/Volumes/AYUSH%20DRIVE/School%202022-23/M359%20AP%20CS%20Java%20A/CSA%20Final%20Project/target/classes/assets/textures/bucket.png
22:22:02.543 [FXGL Background Thread 4 ] DEBUG FXGLAssetLoaderServi - Loading from file system: file:/Volumes/AYUSH%20DRIVE/School%202022-23/M359%20AP%20CS%20Java%20A/CSA%20Final%20Project/target/classes/assets/music/bgm.mp3
22:22:02.624 [JavaFX Application Thread] DEBUG FXGLApplication      - Registering font factories with UI factory
22:22:04.172 [FXGL Background Thread 4 ] DEBUG AudioPlayer          - Playing music com.almasb.fxgl.audio.Music@58e6e107
22:22:04.259 [FXGL Background Thread 4 ] INFO  FXGLApplication      - Game initialization took: 1.827 sec
22:22:04.297 [JavaFX Application Thread] DEBUG Input                - Clearing active input actions
22:22:04.432 [JavaFX Application Thread] DEBUG GameApplicationServi - Removing overlay from FXGLLoadingScene and adding to GameScene
22:22:04.435 [JavaFX Application Thread] DEBUG PrimaryStageWindow   - FXGLLoadingScene -> GameScene
22:22:04.970 [JavaFX Application Thread] DEBUG FXGLAssetLoaderServi - Loading from file system: file:/Volumes/AYUSH%20DRIVE/School%202022-23/M359%20AP%20CS%20Java%20A/CSA%20Final%20Project/target/classes/assets/textures/droplet.png
22:22:05.148 [FXGL Background Thread 2 ] INFO  UpdaterService       - Your current version:  11.16
22:22:05.149 [FXGL Background Thread 2 ] INFO  UpdaterService       - Latest stable version: 17.3
22:22:05.180 [FXGL Background Thread 3 ] DEBUG Engine               - Logging environment variables
22:22:05.182 [FXGL Background Thread 3 ] DEBUG Engine               - achievements: []
22:22:05.183 [FXGL Background Thread 3 ] DEBUG Engine               - actualHeight: 875.0
22:22:05.184 [FXGL Background Thread 3 ] DEBUG Engine               - actualHeightProperty: ReadOnlyDoubleProperty [value: 875.0]
22:22:05.185 [FXGL Background Thread 3 ] DEBUG Engine               - actualWidth: 850.0
22:22:05.185 [FXGL Background Thread 3 ] DEBUG Engine               - actualWidthProperty: ReadOnlyDoubleProperty [value: 850.0]
22:22:05.185 [FXGL Background Thread 3 ] DEBUG Engine               - appIcon: fxgl_icon.png
22:22:05.185 [FXGL Background Thread 3 ] DEBUG Engine               - applicationMode: DEVELOPER
22:22:05.185 [FXGL Background Thread 3 ] DEBUG Engine               - cSSList: [fxgl_dark.css]
22:22:05.185 [FXGL Background Thread 3 ] DEBUG Engine               - collisionDetectionStrategy: BRUTE_FORCE
22:22:05.186 [FXGL Background Thread 3 ] DEBUG Engine               - configClass: Optional.empty
22:22:05.189 [FXGL Background Thread 3 ] DEBUG Engine               - credits: []
22:22:05.192 [FXGL Background Thread 3 ] DEBUG Engine               - defaultCursor: CursorInfo(imageName=fxgl_default_cursor.png, hotspotX=7.0, hotspotY=6.0)
22:22:05.193 [FXGL Background Thread 3 ] DEBUG Engine               - devBBoxColorProperty: ObjectProperty [value: 0xff0000ff]
22:22:05.198 [FXGL Background Thread 3 ] DEBUG Engine               - devEnableDebugCameraProperty: BooleanProperty [value: false]
22:22:05.199 [FXGL Background Thread 3 ] DEBUG Engine               - devSensorColorProperty: ObjectProperty [value: 0xffff00ff]
22:22:05.199 [FXGL Background Thread 3 ] DEBUG Engine               - devShowBBoxProperty: BooleanProperty [value: false]
22:22:05.199 [FXGL Background Thread 3 ] DEBUG Engine               - devShowPositionProperty: BooleanProperty [value: false]
22:22:05.199 [FXGL Background Thread 3 ] DEBUG Engine               - enabledMenuItems: []
22:22:05.199 [FXGL Background Thread 3 ] DEBUG Engine               - engineServices: [class com.almasb.fxgl.app.services.FXGLAssetLoaderService, class com.almasb.fxgl.app.FXGLApplication$GameApplicationService, class com.almasb.fxgl.app.services.FXGLDialogService, class com.almasb.fxgl.app.services.IOTaskExecutorService, class com.almasb.fxgl.io.FileSystemService, class com.almasb.fxgl.localization.LocalizationService, class com.almasb.fxgl.app.services.SystemBundleService, class com.almasb.fxgl.profile.SaveLoadService, class com.almasb.fxgl.ui.FXGLUIFactoryServiceProvider, class com.almasb.fxgl.ui.FXGLDialogFactoryServiceProvider, class com.almasb.fxgl.audio.AudioPlayer, class com.almasb.fxgl.notification.impl.NotificationServiceProvider, class com.almasb.fxgl.achievement.AchievementService, class com.almasb.fxgl.cutscene.CutsceneService, class com.almasb.fxgl.minigames.MiniGameService, class com.almasb.fxgl.net.NetService, class com.almasb.fxgl.app.services.UpdaterService, class com.almasb.fxgl.dev.DevService]
22:22:05.199 [FXGL Background Thread 3 ] DEBUG Engine               - fontGame: Abel-Regular.ttf
22:22:05.200 [FXGL Background Thread 3 ] DEBUG Engine               - fontMono: lucida_console.ttf
22:22:05.200 [FXGL Background Thread 3 ] DEBUG Engine               - fontText: Courier-Prime.ttf
22:22:05.201 [FXGL Background Thread 3 ] DEBUG Engine               - fontUI: VarelaRound-Regular.ttf
22:22:05.201 [FXGL Background Thread 3 ] DEBUG Engine               - fullScreen: BooleanProperty [value: false]
22:22:05.201 [FXGL Background Thread 3 ] DEBUG Engine               - gameDifficulty: MEDIUM
22:22:05.201 [FXGL Background Thread 3 ] DEBUG Engine               - gameDifficultyProperty: ObjectProperty [value: MEDIUM]
22:22:05.201 [FXGL Background Thread 3 ] DEBUG Engine               - globalMusicVolume: 0.5
22:22:05.201 [FXGL Background Thread 3 ] DEBUG Engine               - globalMusicVolumeProperty: DoubleProperty [value: 0.5]
22:22:05.202 [FXGL Background Thread 3 ] DEBUG Engine               - globalSoundVolume: 0.5
22:22:05.205 [FXGL Background Thread 3 ] DEBUG Engine               - globalSoundVolumeProperty: DoubleProperty [value: 0.5]
22:22:05.206 [FXGL Background Thread 3 ] DEBUG Engine               - height: 1000
22:22:05.206 [FXGL Background Thread 3 ] DEBUG Engine               - is3D: false
22:22:05.206 [FXGL Background Thread 3 ] DEBUG Engine               - isAndroid: false
22:22:05.206 [FXGL Background Thread 3 ] DEBUG Engine               - isBrowser: false
22:22:05.206 [FXGL Background Thread 3 ] DEBUG Engine               - isClickFeedbackEnabled: false
22:22:05.206 [FXGL Background Thread 3 ] DEBUG Engine               - isCloseConfirmation: false
22:22:05.206 [FXGL Background Thread 3 ] DEBUG Engine               - isDesktop: true
22:22:05.207 [FXGL Background Thread 3 ] DEBUG Engine               - isDeveloperMenuEnabled: false
22:22:05.207 [FXGL Background Thread 3 ] DEBUG Engine               - isEntityPreloadEnabled: true
22:22:05.207 [FXGL Background Thread 3 ] DEBUG Engine               - isExperimentalTiledLargeMap: false
22:22:05.207 [FXGL Background Thread 3 ] DEBUG Engine               - isFileSystemWriteAllowed: true
22:22:05.207 [FXGL Background Thread 3 ] DEBUG Engine               - isFullScreenAllowed: false
22:22:05.207 [FXGL Background Thread 3 ] DEBUG Engine               - isFullScreenFromStart: false
22:22:05.207 [FXGL Background Thread 3 ] DEBUG Engine               - isGameMenuEnabled: true
22:22:05.207 [FXGL Background Thread 3 ] DEBUG Engine               - isIOS: false
22:22:05.207 [FXGL Background Thread 3 ] DEBUG Engine               - isIntroEnabled: false
22:22:05.207 [FXGL Background Thread 3 ] DEBUG Engine               - isLinux: false
22:22:05.207 [FXGL Background Thread 3 ] DEBUG Engine               - isMac: true
22:22:05.211 [FXGL Background Thread 3 ] DEBUG Engine               - isMainMenuEnabled: false
22:22:05.211 [FXGL Background Thread 3 ] DEBUG Engine               - isManualResizeEnabled: false
22:22:05.211 [FXGL Background Thread 3 ] DEBUG Engine               - isMobile: false
22:22:05.211 [FXGL Background Thread 3 ] DEBUG Engine               - isNative: false
22:22:05.211 [FXGL Background Thread 3 ] DEBUG Engine               - isPreserveResizeRatio: false
22:22:05.211 [FXGL Background Thread 3 ] DEBUG Engine               - isProfilingEnabled: false
22:22:05.211 [FXGL Background Thread 3 ] DEBUG Engine               - isScaleAffectedOnResize: true
22:22:05.211 [FXGL Background Thread 3 ] DEBUG Engine               - isSingleStep: false
22:22:05.212 [FXGL Background Thread 3 ] DEBUG Engine               - isUserProfileEnabled: false
22:22:05.212 [FXGL Background Thread 3 ] DEBUG Engine               - isWindows: false
22:22:05.212 [FXGL Background Thread 3 ] DEBUG Engine               - language: ObjectProperty [value: ENGLISH]
22:22:05.212 [FXGL Background Thread 3 ] DEBUG Engine               - menuKey: ESCAPE
22:22:05.212 [FXGL Background Thread 3 ] DEBUG Engine               - mouseSensitivity: 0.2
22:22:05.212 [FXGL Background Thread 3 ] DEBUG Engine               - notificationViewClass: class com.almasb.fxgl.notification.view.XboxNotificationView
22:22:05.212 [FXGL Background Thread 3 ] DEBUG Engine               - pixelsPerMeter: 50.0
22:22:05.212 [FXGL Background Thread 3 ] DEBUG Engine               - platform: MAC
22:22:05.212 [FXGL Background Thread 3 ] DEBUG Engine               - prefHeightProperty: ReadOnlyDoubleProperty [value: 1000.0]
22:22:05.212 [FXGL Background Thread 3 ] DEBUG Engine               - prefWidthProperty: ReadOnlyDoubleProperty [value: 1000.0]
22:22:05.214 [FXGL Background Thread 3 ] DEBUG Engine               - profileDir: profiles/
22:22:05.215 [FXGL Background Thread 3 ] DEBUG Engine               - profileName: StringProperty [value: DEFAULT]
22:22:05.215 [FXGL Background Thread 3 ] DEBUG Engine               - randomSeed: -1
22:22:05.215 [FXGL Background Thread 3 ] DEBUG Engine               - runtimeInfo: RuntimeInfo(platform=MAC, version=11.16, build=25.05.2021 08.16)
22:22:05.215 [FXGL Background Thread 3 ] DEBUG Engine               - saveFileExt: sav
22:22:05.215 [FXGL Background Thread 3 ] DEBUG Engine               - scaledHeightProp$fxgl: DoubleProperty [bound, value: 875.0]
22:22:05.216 [FXGL Background Thread 3 ] DEBUG Engine               - scaledWidthProp$fxgl: DoubleProperty [bound, value: 850.0]
22:22:05.216 [FXGL Background Thread 3 ] DEBUG Engine               - sceneFactory: com.almasb.fxgl.app.scene.SceneFactory@6e7adf24
22:22:05.216 [FXGL Background Thread 3 ] DEBUG Engine               - secondsIn24h: 60
22:22:05.216 [FXGL Background Thread 3 ] DEBUG Engine               - soundMenuBack: menu/back.wav
22:22:05.216 [FXGL Background Thread 3 ] DEBUG Engine               - soundMenuPress: menu/press.wav
22:22:05.216 [FXGL Background Thread 3 ] DEBUG Engine               - soundMenuSelect: menu/select.wav
22:22:05.216 [FXGL Background Thread 3 ] DEBUG Engine               - soundNotification: core/notification.wav
22:22:05.216 [FXGL Background Thread 3 ] DEBUG Engine               - stageStyle: DECORATED
22:22:05.216 [FXGL Background Thread 3 ] DEBUG Engine               - supportedLanguages: [ENGLISH, FRENCH, GERMAN, HUNGARIAN, RUSSIAN]
22:22:05.216 [FXGL Background Thread 3 ] DEBUG Engine               - ticksPerSecond: -1
22:22:05.216 [FXGL Background Thread 3 ] DEBUG Engine               - title: Zombs
22:22:05.216 [FXGL Background Thread 3 ] DEBUG Engine               - urlGithub: https://github.com/AlmasB/FXGL
22:22:05.216 [FXGL Background Thread 3 ] DEBUG Engine               - urlLeaderboard: http://fxgl-top.herokuapp.com/
22:22:05.216 [FXGL Background Thread 3 ] DEBUG Engine               - urlPOM: https://raw.githubusercontent.com/AlmasB/FXGL/release/README.md
22:22:05.216 [FXGL Background Thread 3 ] DEBUG Engine               - userAppClass: class com.almasb.fxglgames.drop.DropApp
22:22:05.216 [FXGL Background Thread 3 ] DEBUG Engine               - version: 1.0
22:22:05.216 [FXGL Background Thread 3 ] DEBUG Engine               - versionCheckDays: 7
22:22:05.216 [FXGL Background Thread 3 ] DEBUG Engine               - width: 1000
22:22:05.216 [FXGL Background Thread 3 ] DEBUG Engine               - Logging services
22:22:05.216 [FXGL Background Thread 3 ] DEBUG Engine               - class com.almasb.fxgl.app.services.FXGLAssetLoaderService
22:22:05.216 [FXGL Background Thread 3 ] DEBUG Engine               - class com.almasb.fxgl.app.FXGLApplication$GameApplicationService
22:22:05.217 [FXGL Background Thread 3 ] DEBUG Engine               - class com.almasb.fxgl.app.services.FXGLDialogService
22:22:05.217 [FXGL Background Thread 3 ] DEBUG Engine               - class com.almasb.fxgl.app.services.IOTaskExecutorService
22:22:05.217 [FXGL Background Thread 3 ] DEBUG Engine               - class com.almasb.fxgl.io.FileSystemService
22:22:05.217 [FXGL Background Thread 3 ] DEBUG Engine               - class com.almasb.fxgl.localization.LocalizationService
22:22:05.217 [FXGL Background Thread 3 ] DEBUG Engine               - class com.almasb.fxgl.app.services.SystemBundleService
22:22:05.217 [FXGL Background Thread 3 ] DEBUG Engine               - class com.almasb.fxgl.profile.SaveLoadService
22:22:05.217 [FXGL Background Thread 3 ] DEBUG Engine               - class com.almasb.fxgl.ui.FXGLUIFactoryServiceProvider
22:22:05.217 [FXGL Background Thread 3 ] DEBUG Engine               - class com.almasb.fxgl.ui.FXGLDialogFactoryServiceProvider
22:22:05.219 [FXGL Background Thread 3 ] DEBUG Engine               - class com.almasb.fxgl.audio.AudioPlayer
22:22:05.227 [FXGL Background Thread 3 ] DEBUG Engine               - class com.almasb.fxgl.notification.impl.NotificationServiceProvider
22:22:05.228 [FXGL Background Thread 3 ] DEBUG Engine               - class com.almasb.fxgl.achievement.AchievementService
22:22:05.228 [FXGL Background Thread 3 ] DEBUG Engine               - class com.almasb.fxgl.cutscene.CutsceneService
22:22:05.228 [FXGL Background Thread 3 ] DEBUG Engine               - class com.almasb.fxgl.minigames.MiniGameService
22:22:05.228 [FXGL Background Thread 3 ] DEBUG Engine               - class com.almasb.fxgl.net.NetService
22:22:05.228 [FXGL Background Thread 3 ] DEBUG Engine               - class com.almasb.fxgl.app.services.UpdaterService
22:22:05.228 [FXGL Background Thread 3 ] DEBUG Engine               - class com.almasb.fxgl.dev.DevService
22:22:06.895 [JavaFX Application Thread] DEBUG FXGLAssetLoaderServi - Loading from file system: file:/Volumes/AYUSH%20DRIVE/School%202022-23/M359%20AP%20CS%20Java%20A/CSA%20Final%20Project/target/classes/assets/sounds/drop.wav
22:22:26.187 [JavaFX Application Thread] DEBUG FXGLApplication      - Exiting FXGL
22:22:26.189 [JavaFX Application Thread] DEBUG LoopRunner           - Stopping loop
22:22:26.189 [JavaFX Application Thread] DEBUG SystemBundleService  - Saving FXGL system data
22:22:26.214 [JavaFX Application Thread] DEBUG FileSystemAccess     - Writing to: /Volumes/AYUSH DRIVE/School 2022-23/M359 AP CS Java A/CSA Final Project/system/fxgl.bundle
22:22:26.256 [JavaFX Application Thread] DEBUG Async                - Shutting down background threads
22:22:26.256 [JavaFX Application Thread] DEBUG PrimaryStageWindow   - Closing main window
22:22:26.325 [JavaFX Application Thread] DEBUG Logger               - Closing Logger
