12:46:18.416 [main                     ] DEBUG Logger               - Configured Logger
12:46:18.421 [main                     ] DEBUG GameApplication      - Logging settings
Title: Zombs
Version: 1.0
Width: 480
Height: 800
Fullscreen: false
Intro: false
Profiling: false
Single step:false
App Mode: DEVELOPER
Menu Key: ESCAPE
Stage Style: DECORATED
Scene Factory: class com.almasb.fxgl.app.scene.SceneFactory

12:46:18.999 [JavaFX Application Thread] DEBUG FXGLApplication      - Initializing FXGL
12:46:19.001 [JavaFX Application Thread] INFO  Engine               - FXGL-11.16 (25.05.2021 08.16) on MAC (J:20 FX:16)
12:46:19.002 [JavaFX Application Thread] DEBUG Engine               - JRE Vendor Name: Oracle Corporation
12:46:19.002 [JavaFX Application Thread] DEBUG Engine               - Running on OS: Mac OS X version 13.2.1
12:46:19.002 [JavaFX Application Thread] DEBUG Engine               - Architecture: x86_64
12:46:19.002 [JavaFX Application Thread] INFO  Engine               - Source code and latest versions at: https://github.com/AlmasB/FXGL
12:46:19.002 [JavaFX Application Thread] INFO  Engine               -              Join the FXGL chat at: https://gitter.im/AlmasB/FXGL
12:46:19.117 [JavaFX Application Thread] DEBUG PrimaryStageWindow   - Creating a JavaFX scene
12:46:19.166 [JavaFX Application Thread] DEBUG PrimaryStageWindow   - Target settings size: 480.0 x 800.0
12:46:19.166 [JavaFX Application Thread] DEBUG PrimaryStageWindow   - Scaled scene size:    480.0 x 800.0
12:46:19.166 [JavaFX Application Thread] DEBUG PrimaryStageWindow   - Scaled ratio: (1.0, 1.0)
12:46:19.167 [JavaFX Application Thread] DEBUG PrimaryStageWindow   - Set initial scene to FXGLStartupScene
12:46:19.173 [JavaFX Application Thread] DEBUG PrimaryStageWindow   - Opening main window
12:46:19.283 [JavaFX Application Thread] DEBUG PrimaryStageWindow   - Window border size: (0.0, 28.0)
12:46:19.283 [JavaFX Application Thread] DEBUG PrimaryStageWindow   - Scaled size: 480.0 x 800.0
12:46:19.284 [JavaFX Application Thread] DEBUG PrimaryStageWindow   - Scaled ratio: (1.0, 1.0)
12:46:19.284 [JavaFX Application Thread] DEBUG PrimaryStageWindow   - Scene size: 480.0 x 800.0
12:46:19.284 [JavaFX Application Thread] DEBUG PrimaryStageWindow   - Stage size: 480.0 x 828.0
12:46:19.291 [FXGL Background Thread 1 ] DEBUG Engine               - Initializing environment variables
12:46:19.362 [FXGL Background Thread 1 ] DEBUG FXGLAssetLoaderServi - User app class for loading assets: class com.almasb.fxglgames.drop.DropApp
12:46:19.362 [FXGL Background Thread 1 ] DEBUG GameApplicationServi - Applying CSS: fxgl_dark.css
12:46:19.363 [FXGL Background Thread 1 ] DEBUG FXGLAssetLoaderServi - Loading from file system: jar:file:///Users/digprog/.m2/repository/com/github/almasb/fxgl/11.16/fxgl-11.16.jar!/fxglassets/ui/css/fxgl_dark.css
12:46:19.505 [FXGL Background Thread 1 ] DEBUG GameApplicationServi - Initializing application scenes
12:46:19.888 [FXGL Background Thread 1 ] DEBUG GameWorld            - Game world initialized
12:46:19.955 [FXGL Background Thread 1 ] DEBUG PhysicsWorld         - Physics world initialized: appHeight=800, physics.ppm=50.0
12:46:19.955 [FXGL Background Thread 1 ] DEBUG PhysicsWorld         - Using strategy: BRUTE_FORCE
12:46:19.959 [FXGL Background Thread 1 ] DEBUG GameScene            - Game scene initialized: 480x800
12:46:19.972 [FXGL Background Thread 1 ] WARN  FXGL.DefaultMenu     - FXGLDefaultMenu is not designed for resolutions < 800x600
12:46:19.972 [FXGL Background Thread 1 ] DEBUG FXGL.DefaultMenu     - createMenuBodyGameMenu()
12:46:19.989 [FXGL Background Thread 1 ] DEBUG FXGL.DefaultMenu     - createOptionsMenu()
12:46:20.002 [FXGL Background Thread 1 ] DEBUG FXGLAssetLoaderServi - Loading from file system: jar:file:///Users/digprog/.m2/repository/com/github/almasb/fxgl/11.16/fxgl-11.16.jar!/fxglassets/textures/particles/smoke.png
12:46:20.161 [FXGL Background Thread 1 ] DEBUG FXGLAssetLoaderServi - Loading from file system: jar:file:///Users/digprog/.m2/repository/com/github/almasb/fxgl/11.16/fxgl-11.16.jar!/fxglassets/textures/particles/trace_horizontal.png
12:46:20.204 [FXGL Background Thread 1 ] DEBUG GameApplicationServi - Application scenes initialized
12:46:20.223 [FXGL Background Thread 1 ] DEBUG SystemBundleService  - Loading FXGL system data
12:46:20.229 [FXGL Background Thread 1 ] DEBUG FileSystemAccess     - Reading from: /Volumes/AYUSH DRIVE/School 2022-23/M359 AP CS Java A/CSA Final Project/system/fxgl.bundle
12:46:20.245 [FXGL Background Thread 1 ] DEBUG SystemBundleService  - Bundle FXGL: {}
12:46:20.245 [FXGL Background Thread 1 ] DEBUG UpdaterService       - Checking for updates
12:46:20.250 [FXGL Background Thread 4 ] DEBUG FXGLApplication      - Loading fonts
12:46:20.251 [FXGL Background Thread 4 ] DEBUG FXGLAssetLoaderServi - Loading from file system: jar:file:///Users/digprog/.m2/repository/com/github/almasb/fxgl/11.16/fxgl-11.16.jar!/fxglassets/ui/fonts/VarelaRound-Regular.ttf
12:46:20.251 [FXGL Background Thread 1 ] DEBUG FXGLApplication      - Loading default localization
12:46:20.251 [FXGL Background Thread 1 ] DEBUG FXGLAssetLoaderServi - Loading from file system: jar:file:///Users/digprog/.m2/repository/com/github/almasb/fxgl/11.16/fxgl-11.16.jar!/fxglassets/languages/english.lang
12:46:20.272 [FXGL Background Thread 4 ] DEBUG FXGLAssetLoaderServi - Loading from file system: jar:file:///Users/digprog/.m2/repository/com/github/almasb/fxgl/11.16/fxgl-11.16.jar!/fxglassets/ui/fonts/Abel-Regular.ttf
12:46:20.277 [FXGL Background Thread 4 ] DEBUG FXGLAssetLoaderServi - Loading from file system: jar:file:///Users/digprog/.m2/repository/com/github/almasb/fxgl/11.16/fxgl-11.16.jar!/fxglassets/ui/fonts/lucida_console.ttf
12:46:20.282 [FXGL Background Thread 1 ] INFO  FXGLApplication      - FXGL initialization took: 0.991 sec
12:46:20.283 [FXGL Background Thread 4 ] DEBUG FXGLAssetLoaderServi - Loading from file system: jar:file:///Users/digprog/.m2/repository/com/github/almasb/fxgl/11.16/fxgl-11.16.jar!/fxglassets/ui/fonts/Courier-Prime.ttf
12:46:20.283 [JavaFX Application Thread] DEBUG FXGLAssetLoaderServi - Loading from file system: jar:file:///Users/digprog/.m2/repository/com/github/almasb/fxgl/11.16/fxgl-11.16.jar!/fxglassets/textures/fxgl_icon.png
12:46:20.322 [JavaFX Application Thread] DEBUG FXGLAssetLoaderServi - Loading from file system: jar:file:///Users/digprog/.m2/repository/com/github/almasb/fxgl/11.16/fxgl-11.16.jar!/fxglassets/textures/fxgl_default_cursor.png
12:46:20.338 [JavaFX Application Thread] DEBUG Input                - Registered new binding: Screenshot - CTRL+8
12:46:20.338 [JavaFX Application Thread] DEBUG Input                - Registered new binding: System info dump - CTRL+9
12:46:20.338 [JavaFX Application Thread] DEBUG Input                - Registered new binding: Restart - CTRL+R
12:46:20.339 [JavaFX Application Thread] DEBUG Input                - Registered new binding: Toggle Debug Camera - CTRL+C
12:46:20.341 [JavaFX Application Thread] DEBUG LoopRunner           - Starting loop
12:46:20.342 [JavaFX Application Thread] DEBUG LoopRunner           - Initializing JavaFX AnimationTimerLoop
12:46:20.343 [JavaFX Application Thread] DEBUG GameApplicationServi - Starting new game
12:46:20.344 [JavaFX Application Thread] DEBUG Input                - Clearing active input actions
12:46:20.358 [JavaFX Application Thread] DEBUG GameApplicationServi - Removing overlay from FXGLStartupScene and adding to FXGLLoadingScene
12:46:20.358 [JavaFX Application Thread] DEBUG PrimaryStageWindow   - FXGLStartupScene -> FXGLLoadingScene
12:46:20.358 [JavaFX Application Thread] DEBUG GameApplicationServi - Clearing previous game
12:46:20.358 [JavaFX Application Thread] DEBUG GameScene            - Clearing game scene
12:46:20.358 [JavaFX Application Thread] DEBUG GameWorld            - Clearing game world
12:46:20.359 [JavaFX Application Thread] DEBUG PhysicsWorld         - Clearing physics world
12:46:20.360 [FXGL Background Thread 4 ] DEBUG FXGLApplication      - Initializing game
12:46:20.363 [FXGL Background Thread 4 ] DEBUG FXGLAssetLoaderServi - Loading from file system: file:/Volumes/AYUSH%20DRIVE/School%202022-23/M359%20AP%20CS%20Java%20A/CSA%20Final%20Project/target/classes/assets/textures/bucket.png
12:46:20.385 [FXGL Background Thread 4 ] DEBUG FXGLAssetLoaderServi - Loading from file system: file:/Volumes/AYUSH%20DRIVE/School%202022-23/M359%20AP%20CS%20Java%20A/CSA%20Final%20Project/target/classes/assets/music/bgm.mp3
12:46:20.429 [JavaFX Application Thread] DEBUG FXGLApplication      - Registering font factories with UI factory
12:46:20.991 [FXGL Background Thread 2 ] INFO  UpdaterService       - Your current version:  11.16
12:46:20.991 [FXGL Background Thread 2 ] INFO  UpdaterService       - Latest stable version: 17.3
12:46:21.515 [FXGL Background Thread 4 ] DEBUG AudioPlayer          - Playing music com.almasb.fxgl.audio.Music@3e27244d
12:46:21.520 [FXGL Background Thread 4 ] INFO  FXGLApplication      - Game initialization took: 1.160 sec
12:46:21.521 [JavaFX Application Thread] DEBUG Input                - Clearing active input actions
12:46:21.528 [JavaFX Application Thread] DEBUG GameApplicationServi - Removing overlay from FXGLLoadingScene and adding to GameScene
12:46:21.529 [JavaFX Application Thread] DEBUG PrimaryStageWindow   - FXGLLoadingScene -> GameScene
12:46:22.528 [JavaFX Application Thread] DEBUG FXGLAssetLoaderServi - Loading from file system: file:/Volumes/AYUSH%20DRIVE/School%202022-23/M359%20AP%20CS%20Java%20A/CSA%20Final%20Project/target/classes/assets/textures/droplet.png
12:46:23.250 [FXGL Background Thread 3 ] DEBUG Engine               - Logging environment variables
12:46:23.251 [FXGL Background Thread 3 ] DEBUG Engine               - achievements: []
12:46:23.252 [FXGL Background Thread 3 ] DEBUG Engine               - actualHeight: 800.0
12:46:23.252 [FXGL Background Thread 3 ] DEBUG Engine               - actualHeightProperty: ReadOnlyDoubleProperty [value: 800.0]
12:46:23.252 [FXGL Background Thread 3 ] DEBUG Engine               - actualWidth: 480.0
12:46:23.252 [FXGL Background Thread 3 ] DEBUG Engine               - actualWidthProperty: ReadOnlyDoubleProperty [value: 480.0]
12:46:23.252 [FXGL Background Thread 3 ] DEBUG Engine               - appIcon: fxgl_icon.png
12:46:23.252 [FXGL Background Thread 3 ] DEBUG Engine               - applicationMode: DEVELOPER
12:46:23.253 [FXGL Background Thread 3 ] DEBUG Engine               - cSSList: [fxgl_dark.css]
12:46:23.253 [FXGL Background Thread 3 ] DEBUG Engine               - collisionDetectionStrategy: BRUTE_FORCE
12:46:23.253 [FXGL Background Thread 3 ] DEBUG Engine               - configClass: Optional.empty
12:46:23.253 [FXGL Background Thread 3 ] DEBUG Engine               - credits: []
12:46:23.253 [FXGL Background Thread 3 ] DEBUG Engine               - defaultCursor: CursorInfo(imageName=fxgl_default_cursor.png, hotspotX=7.0, hotspotY=6.0)
12:46:23.254 [FXGL Background Thread 3 ] DEBUG Engine               - devBBoxColorProperty: ObjectProperty [value: 0xff0000ff]
12:46:23.254 [FXGL Background Thread 3 ] DEBUG Engine               - devEnableDebugCameraProperty: BooleanProperty [value: false]
12:46:23.254 [FXGL Background Thread 3 ] DEBUG Engine               - devSensorColorProperty: ObjectProperty [value: 0xffff00ff]
12:46:23.254 [FXGL Background Thread 3 ] DEBUG Engine               - devShowBBoxProperty: BooleanProperty [value: false]
12:46:23.254 [FXGL Background Thread 3 ] DEBUG Engine               - devShowPositionProperty: BooleanProperty [value: false]
12:46:23.254 [FXGL Background Thread 3 ] DEBUG Engine               - enabledMenuItems: []
12:46:23.254 [FXGL Background Thread 3 ] DEBUG Engine               - engineServices: [class com.almasb.fxgl.app.services.FXGLAssetLoaderService, class com.almasb.fxgl.app.FXGLApplication$GameApplicationService, class com.almasb.fxgl.app.services.FXGLDialogService, class com.almasb.fxgl.app.services.IOTaskExecutorService, class com.almasb.fxgl.io.FileSystemService, class com.almasb.fxgl.localization.LocalizationService, class com.almasb.fxgl.app.services.SystemBundleService, class com.almasb.fxgl.profile.SaveLoadService, class com.almasb.fxgl.ui.FXGLUIFactoryServiceProvider, class com.almasb.fxgl.ui.FXGLDialogFactoryServiceProvider, class com.almasb.fxgl.audio.AudioPlayer, class com.almasb.fxgl.notification.impl.NotificationServiceProvider, class com.almasb.fxgl.achievement.AchievementService, class com.almasb.fxgl.cutscene.CutsceneService, class com.almasb.fxgl.minigames.MiniGameService, class com.almasb.fxgl.net.NetService, class com.almasb.fxgl.app.services.UpdaterService, class com.almasb.fxgl.dev.DevService]
12:46:23.254 [FXGL Background Thread 3 ] DEBUG Engine               - fontGame: Abel-Regular.ttf
12:46:23.254 [FXGL Background Thread 3 ] DEBUG Engine               - fontMono: lucida_console.ttf
12:46:23.254 [FXGL Background Thread 3 ] DEBUG Engine               - fontText: Courier-Prime.ttf
12:46:23.254 [FXGL Background Thread 3 ] DEBUG Engine               - fontUI: VarelaRound-Regular.ttf
12:46:23.255 [FXGL Background Thread 3 ] DEBUG Engine               - fullScreen: BooleanProperty [value: false]
12:46:23.255 [FXGL Background Thread 3 ] DEBUG Engine               - gameDifficulty: MEDIUM
12:46:23.255 [FXGL Background Thread 3 ] DEBUG Engine               - gameDifficultyProperty: ObjectProperty [value: MEDIUM]
12:46:23.255 [FXGL Background Thread 3 ] DEBUG Engine               - globalMusicVolume: 0.5
12:46:23.255 [FXGL Background Thread 3 ] DEBUG Engine               - globalMusicVolumeProperty: DoubleProperty [value: 0.5]
12:46:23.255 [FXGL Background Thread 3 ] DEBUG Engine               - globalSoundVolume: 0.5
12:46:23.255 [FXGL Background Thread 3 ] DEBUG Engine               - globalSoundVolumeProperty: DoubleProperty [value: 0.5]
12:46:23.255 [FXGL Background Thread 3 ] DEBUG Engine               - height: 800
12:46:23.255 [FXGL Background Thread 3 ] DEBUG Engine               - is3D: false
12:46:23.255 [FXGL Background Thread 3 ] DEBUG Engine               - isAndroid: false
12:46:23.255 [FXGL Background Thread 3 ] DEBUG Engine               - isBrowser: false
12:46:23.255 [FXGL Background Thread 3 ] DEBUG Engine               - isClickFeedbackEnabled: false
12:46:23.256 [FXGL Background Thread 3 ] DEBUG Engine               - isCloseConfirmation: false
12:46:23.256 [FXGL Background Thread 3 ] DEBUG Engine               - isDesktop: true
12:46:23.256 [FXGL Background Thread 3 ] DEBUG Engine               - isDeveloperMenuEnabled: false
12:46:23.256 [FXGL Background Thread 3 ] DEBUG Engine               - isEntityPreloadEnabled: true
12:46:23.256 [FXGL Background Thread 3 ] DEBUG Engine               - isExperimentalTiledLargeMap: false
12:46:23.256 [FXGL Background Thread 3 ] DEBUG Engine               - isFileSystemWriteAllowed: true
12:46:23.256 [FXGL Background Thread 3 ] DEBUG Engine               - isFullScreenAllowed: false
12:46:23.256 [FXGL Background Thread 3 ] DEBUG Engine               - isFullScreenFromStart: false
12:46:23.256 [FXGL Background Thread 3 ] DEBUG Engine               - isGameMenuEnabled: true
12:46:23.256 [FXGL Background Thread 3 ] DEBUG Engine               - isIOS: false
12:46:23.256 [FXGL Background Thread 3 ] DEBUG Engine               - isIntroEnabled: false
12:46:23.256 [FXGL Background Thread 3 ] DEBUG Engine               - isLinux: false
12:46:23.256 [FXGL Background Thread 3 ] DEBUG Engine               - isMac: true
12:46:23.256 [FXGL Background Thread 3 ] DEBUG Engine               - isMainMenuEnabled: false
12:46:23.256 [FXGL Background Thread 3 ] DEBUG Engine               - isManualResizeEnabled: false
12:46:23.257 [FXGL Background Thread 3 ] DEBUG Engine               - isMobile: false
12:46:23.257 [FXGL Background Thread 3 ] DEBUG Engine               - isNative: false
12:46:23.257 [FXGL Background Thread 3 ] DEBUG Engine               - isPreserveResizeRatio: false
12:46:23.257 [FXGL Background Thread 3 ] DEBUG Engine               - isProfilingEnabled: false
12:46:23.257 [FXGL Background Thread 3 ] DEBUG Engine               - isScaleAffectedOnResize: true
12:46:23.257 [FXGL Background Thread 3 ] DEBUG Engine               - isSingleStep: false
12:46:23.257 [FXGL Background Thread 3 ] DEBUG Engine               - isUserProfileEnabled: false
12:46:23.257 [FXGL Background Thread 3 ] DEBUG Engine               - isWindows: false
12:46:23.257 [FXGL Background Thread 3 ] DEBUG Engine               - language: ObjectProperty [value: ENGLISH]
12:46:23.257 [FXGL Background Thread 3 ] DEBUG Engine               - menuKey: ESCAPE
12:46:23.258 [FXGL Background Thread 3 ] DEBUG Engine               - mouseSensitivity: 0.2
12:46:23.258 [FXGL Background Thread 3 ] DEBUG Engine               - notificationViewClass: class com.almasb.fxgl.notification.view.XboxNotificationView
12:46:23.258 [FXGL Background Thread 3 ] DEBUG Engine               - pixelsPerMeter: 50.0
12:46:23.258 [FXGL Background Thread 3 ] DEBUG Engine               - platform: MAC
12:46:23.258 [FXGL Background Thread 3 ] DEBUG Engine               - prefHeightProperty: ReadOnlyDoubleProperty [value: 800.0]
12:46:23.258 [FXGL Background Thread 3 ] DEBUG Engine               - prefWidthProperty: ReadOnlyDoubleProperty [value: 480.0]
12:46:23.258 [FXGL Background Thread 3 ] DEBUG Engine               - profileDir: profiles/
12:46:23.258 [FXGL Background Thread 3 ] DEBUG Engine               - profileName: StringProperty [value: DEFAULT]
12:46:23.258 [FXGL Background Thread 3 ] DEBUG Engine               - randomSeed: -1
12:46:23.258 [FXGL Background Thread 3 ] DEBUG Engine               - runtimeInfo: RuntimeInfo(platform=MAC, version=11.16, build=25.05.2021 08.16)
12:46:23.258 [FXGL Background Thread 3 ] DEBUG Engine               - saveFileExt: sav
12:46:23.259 [FXGL Background Thread 3 ] DEBUG Engine               - scaledHeightProp$fxgl: DoubleProperty [bound, value: 800.0]
12:46:23.259 [FXGL Background Thread 3 ] DEBUG Engine               - scaledWidthProp$fxgl: DoubleProperty [bound, value: 480.0]
12:46:23.259 [FXGL Background Thread 3 ] DEBUG Engine               - sceneFactory: com.almasb.fxgl.app.scene.SceneFactory@7ee0141c
12:46:23.259 [FXGL Background Thread 3 ] DEBUG Engine               - secondsIn24h: 60
12:46:23.259 [FXGL Background Thread 3 ] DEBUG Engine               - soundMenuBack: menu/back.wav
12:46:23.259 [FXGL Background Thread 3 ] DEBUG Engine               - soundMenuPress: menu/press.wav
12:46:23.259 [FXGL Background Thread 3 ] DEBUG Engine               - soundMenuSelect: menu/select.wav
12:46:23.259 [FXGL Background Thread 3 ] DEBUG Engine               - soundNotification: core/notification.wav
12:46:23.259 [FXGL Background Thread 3 ] DEBUG Engine               - stageStyle: DECORATED
12:46:23.259 [FXGL Background Thread 3 ] DEBUG Engine               - supportedLanguages: [ENGLISH, FRENCH, GERMAN, HUNGARIAN, RUSSIAN]
12:46:23.259 [FXGL Background Thread 3 ] DEBUG Engine               - ticksPerSecond: -1
12:46:23.259 [FXGL Background Thread 3 ] DEBUG Engine               - title: Zombs
12:46:23.259 [FXGL Background Thread 3 ] DEBUG Engine               - urlGithub: https://github.com/AlmasB/FXGL
12:46:23.259 [FXGL Background Thread 3 ] DEBUG Engine               - urlLeaderboard: http://fxgl-top.herokuapp.com/
12:46:23.260 [FXGL Background Thread 3 ] DEBUG Engine               - urlPOM: https://raw.githubusercontent.com/AlmasB/FXGL/release/README.md
12:46:23.260 [FXGL Background Thread 3 ] DEBUG Engine               - userAppClass: class com.almasb.fxglgames.drop.DropApp
12:46:23.260 [FXGL Background Thread 3 ] DEBUG Engine               - version: 1.0
12:46:23.260 [FXGL Background Thread 3 ] DEBUG Engine               - versionCheckDays: 7
12:46:23.260 [FXGL Background Thread 3 ] DEBUG Engine               - width: 480
12:46:23.260 [FXGL Background Thread 3 ] DEBUG Engine               - Logging services
12:46:23.260 [FXGL Background Thread 3 ] DEBUG Engine               - class com.almasb.fxgl.app.services.FXGLAssetLoaderService
12:46:23.260 [FXGL Background Thread 3 ] DEBUG Engine               - class com.almasb.fxgl.app.FXGLApplication$GameApplicationService
12:46:23.260 [FXGL Background Thread 3 ] DEBUG Engine               - class com.almasb.fxgl.app.services.FXGLDialogService
12:46:23.260 [FXGL Background Thread 3 ] DEBUG Engine               - class com.almasb.fxgl.app.services.IOTaskExecutorService
12:46:23.260 [FXGL Background Thread 3 ] DEBUG Engine               - class com.almasb.fxgl.io.FileSystemService
12:46:23.260 [FXGL Background Thread 3 ] DEBUG Engine               - class com.almasb.fxgl.localization.LocalizationService
12:46:23.261 [FXGL Background Thread 3 ] DEBUG Engine               - class com.almasb.fxgl.app.services.SystemBundleService
12:46:23.261 [FXGL Background Thread 3 ] DEBUG Engine               - class com.almasb.fxgl.profile.SaveLoadService
12:46:23.261 [FXGL Background Thread 3 ] DEBUG Engine               - class com.almasb.fxgl.ui.FXGLUIFactoryServiceProvider
12:46:23.261 [FXGL Background Thread 3 ] DEBUG Engine               - class com.almasb.fxgl.ui.FXGLDialogFactoryServiceProvider
12:46:23.261 [FXGL Background Thread 3 ] DEBUG Engine               - class com.almasb.fxgl.audio.AudioPlayer
12:46:23.261 [FXGL Background Thread 3 ] DEBUG Engine               - class com.almasb.fxgl.notification.impl.NotificationServiceProvider
12:46:23.261 [FXGL Background Thread 3 ] DEBUG Engine               - class com.almasb.fxgl.achievement.AchievementService
12:46:23.261 [FXGL Background Thread 3 ] DEBUG Engine               - class com.almasb.fxgl.cutscene.CutsceneService
12:46:23.261 [FXGL Background Thread 3 ] DEBUG Engine               - class com.almasb.fxgl.minigames.MiniGameService
12:46:23.261 [FXGL Background Thread 3 ] DEBUG Engine               - class com.almasb.fxgl.net.NetService
12:46:23.261 [FXGL Background Thread 3 ] DEBUG Engine               - class com.almasb.fxgl.app.services.UpdaterService
12:46:23.261 [FXGL Background Thread 3 ] DEBUG Engine               - class com.almasb.fxgl.dev.DevService
12:46:25.876 [JavaFX Application Thread] DEBUG FXGLApplication      - Exiting FXGL
12:46:25.876 [JavaFX Application Thread] DEBUG LoopRunner           - Stopping loop
12:46:25.877 [JavaFX Application Thread] DEBUG SystemBundleService  - Saving FXGL system data
12:46:25.878 [JavaFX Application Thread] DEBUG FileSystemAccess     - Writing to: /Volumes/AYUSH DRIVE/School 2022-23/M359 AP CS Java A/CSA Final Project/system/fxgl.bundle
12:46:25.880 [JavaFX Application Thread] DEBUG Async                - Shutting down background threads
12:46:25.880 [JavaFX Application Thread] DEBUG PrimaryStageWindow   - Closing main window
12:46:25.889 [JavaFX Application Thread] DEBUG Logger               - Closing Logger
