22:14:57.717 [main                     ] DEBUG Logger               - Configured Logger
22:14:57.731 [main                     ] DEBUG GameApplication      - Logging settings
Title: Zombs
Version: 1.0
Width: 1000
Height: 1000
Fullscreen: false
Intro: false
Profiling: false
Single step:false
App Mode: DEVELOPER
Menu Key: ESCAPE
Stage Style: DECORATED
Scene Factory: class com.almasb.fxgl.app.scene.SceneFactory

22:14:58.973 [JavaFX Application Thread] DEBUG FXGLApplication      - Initializing FXGL
22:14:58.977 [JavaFX Application Thread] INFO  Engine               - FXGL-11.16 (25.05.2021 08.16) on MAC (J:20 FX:16)
22:14:58.982 [JavaFX Application Thread] DEBUG Engine               - JRE Vendor Name: Oracle Corporation
22:14:58.982 [JavaFX Application Thread] DEBUG Engine               - Running on OS: Mac OS X version 13.1
22:14:58.982 [JavaFX Application Thread] DEBUG Engine               - Architecture: x86_64
22:14:58.983 [JavaFX Application Thread] INFO  Engine               - Source code and latest versions at: https://github.com/AlmasB/FXGL
22:14:58.983 [JavaFX Application Thread] INFO  Engine               -              Join the FXGL chat at: https://gitter.im/AlmasB/FXGL
22:14:59.286 [JavaFX Application Thread] DEBUG PrimaryStageWindow   - Creating a JavaFX scene
22:14:59.287 [JavaFX Application Thread] DEBUG PrimaryStageWindow   - Target size > screen size
22:14:59.435 [JavaFX Application Thread] DEBUG PrimaryStageWindow   - Target settings size: 1000.0 x 1000.0
22:14:59.436 [JavaFX Application Thread] DEBUG PrimaryStageWindow   - Scaled scene size:    850.0 x 875.0
22:14:59.436 [JavaFX Application Thread] DEBUG PrimaryStageWindow   - Scaled ratio: (0.85, 0.875)
22:14:59.438 [JavaFX Application Thread] DEBUG PrimaryStageWindow   - Set initial scene to FXGLStartupScene
22:14:59.450 [JavaFX Application Thread] DEBUG PrimaryStageWindow   - Opening main window
22:15:00.187 [JavaFX Application Thread] DEBUG PrimaryStageWindow   - Window border size: (0.0, 25.0)
22:15:00.187 [JavaFX Application Thread] DEBUG PrimaryStageWindow   - Scaled size: 850.0 x 875.0
22:15:00.188 [JavaFX Application Thread] DEBUG PrimaryStageWindow   - Scaled ratio: (0.85, 0.875)
22:15:00.188 [JavaFX Application Thread] DEBUG PrimaryStageWindow   - Scene size: 850.0 x 872.0
22:15:00.188 [JavaFX Application Thread] DEBUG PrimaryStageWindow   - Stage size: 850.0 x 900.0
22:15:00.213 [FXGL Background Thread 1 ] DEBUG Engine               - Initializing environment variables
22:15:00.674 [FXGL Background Thread 1 ] DEBUG FXGLAssetLoaderServi - User app class for loading assets: class com.almasb.fxglgames.drop.DropApp
22:15:00.676 [FXGL Background Thread 1 ] DEBUG GameApplicationServi - Applying CSS: fxgl_dark.css
22:15:00.678 [FXGL Background Thread 1 ] DEBUG FXGLAssetLoaderServi - Loading from file system: jar:file:///Users/ayushkumarrai/.m2/repository/com/github/almasb/fxgl/11.16/fxgl-11.16.jar!/fxglassets/ui/css/fxgl_dark.css
22:15:00.831 [FXGL Background Thread 1 ] DEBUG GameApplicationServi - Initializing application scenes
22:15:01.242 [FXGL Background Thread 1 ] DEBUG GameWorld            - Game world initialized
22:15:01.358 [FXGL Background Thread 1 ] DEBUG PhysicsWorld         - Physics world initialized: appHeight=1000, physics.ppm=50.0
22:15:01.363 [FXGL Background Thread 1 ] DEBUG PhysicsWorld         - Using strategy: BRUTE_FORCE
22:15:01.379 [FXGL Background Thread 1 ] DEBUG GameScene            - Game scene initialized: 1000x1000
22:15:01.406 [FXGL Background Thread 1 ] DEBUG FXGL.DefaultMenu     - createMenuBodyGameMenu()
22:15:01.446 [FXGL Background Thread 1 ] DEBUG FXGL.DefaultMenu     - createOptionsMenu()
22:15:01.470 [FXGL Background Thread 1 ] DEBUG FXGLAssetLoaderServi - Loading from file system: jar:file:///Users/ayushkumarrai/.m2/repository/com/github/almasb/fxgl/11.16/fxgl-11.16.jar!/fxglassets/textures/particles/smoke.png
22:15:01.763 [FXGL Background Thread 1 ] DEBUG FXGLAssetLoaderServi - Loading from file system: jar:file:///Users/ayushkumarrai/.m2/repository/com/github/almasb/fxgl/11.16/fxgl-11.16.jar!/fxglassets/textures/particles/trace_horizontal.png
22:15:01.825 [FXGL Background Thread 1 ] DEBUG GameApplicationServi - Application scenes initialized
22:15:01.842 [FXGL Background Thread 1 ] DEBUG SystemBundleService  - Loading FXGL system data
22:15:01.854 [FXGL Background Thread 1 ] DEBUG FileSystemAccess     - Reading from: /Volumes/AYUSH DRIVE/School 2022-23/M359 AP CS Java A/CSA Final Project/system/fxgl.bundle
22:15:01.882 [FXGL Background Thread 1 ] DEBUG SystemBundleService  - Bundle FXGL: {}
22:15:01.882 [FXGL Background Thread 1 ] DEBUG UpdaterService       - Checking for updates
22:15:01.890 [FXGL Background Thread 4 ] DEBUG FXGLApplication      - Loading fonts
22:15:01.893 [FXGL Background Thread 1 ] DEBUG FXGLApplication      - Loading default localization
22:15:01.899 [FXGL Background Thread 1 ] DEBUG FXGLAssetLoaderServi - Loading from file system: jar:file:///Users/ayushkumarrai/.m2/repository/com/github/almasb/fxgl/11.16/fxgl-11.16.jar!/fxglassets/languages/english.lang
22:15:01.899 [FXGL Background Thread 4 ] DEBUG FXGLAssetLoaderServi - Loading from file system: jar:file:///Users/ayushkumarrai/.m2/repository/com/github/almasb/fxgl/11.16/fxgl-11.16.jar!/fxglassets/ui/fonts/VarelaRound-Regular.ttf
22:15:01.976 [FXGL Background Thread 1 ] INFO  FXGLApplication      - FXGL initialization took: 1.752 sec
22:15:01.988 [FXGL Background Thread 4 ] DEBUG FXGLAssetLoaderServi - Loading from file system: jar:file:///Users/ayushkumarrai/.m2/repository/com/github/almasb/fxgl/11.16/fxgl-11.16.jar!/fxglassets/ui/fonts/Abel-Regular.ttf
22:15:01.987 [JavaFX Application Thread] DEBUG FXGLAssetLoaderServi - Loading from file system: jar:file:///Users/ayushkumarrai/.m2/repository/com/github/almasb/fxgl/11.16/fxgl-11.16.jar!/fxglassets/textures/fxgl_icon.png
22:15:02.005 [FXGL Background Thread 4 ] DEBUG FXGLAssetLoaderServi - Loading from file system: jar:file:///Users/ayushkumarrai/.m2/repository/com/github/almasb/fxgl/11.16/fxgl-11.16.jar!/fxglassets/ui/fonts/lucida_console.ttf
22:15:02.013 [FXGL Background Thread 4 ] DEBUG FXGLAssetLoaderServi - Loading from file system: jar:file:///Users/ayushkumarrai/.m2/repository/com/github/almasb/fxgl/11.16/fxgl-11.16.jar!/fxglassets/ui/fonts/Courier-Prime.ttf
22:15:02.097 [JavaFX Application Thread] DEBUG FXGLAssetLoaderServi - Loading from file system: jar:file:///Users/ayushkumarrai/.m2/repository/com/github/almasb/fxgl/11.16/fxgl-11.16.jar!/fxglassets/textures/fxgl_default_cursor.png
22:15:02.125 [JavaFX Application Thread] DEBUG Input                - Registered new binding: Screenshot - CTRL+8
22:15:02.127 [JavaFX Application Thread] DEBUG Input                - Registered new binding: System info dump - CTRL+9
22:15:02.128 [JavaFX Application Thread] DEBUG Input                - Registered new binding: Restart - CTRL+R
22:15:02.130 [JavaFX Application Thread] DEBUG Input                - Registered new binding: Toggle Debug Camera - CTRL+C
22:15:02.143 [JavaFX Application Thread] DEBUG LoopRunner           - Starting loop
22:15:02.147 [JavaFX Application Thread] DEBUG LoopRunner           - Initializing JavaFX AnimationTimerLoop
22:15:02.149 [JavaFX Application Thread] DEBUG GameApplicationServi - Starting new game
22:15:02.155 [JavaFX Application Thread] DEBUG Input                - Clearing active input actions
22:15:02.246 [JavaFX Application Thread] DEBUG GameApplicationServi - Removing overlay from FXGLStartupScene and adding to FXGLLoadingScene
22:15:02.249 [JavaFX Application Thread] DEBUG PrimaryStageWindow   - FXGLStartupScene -> FXGLLoadingScene
22:15:02.250 [JavaFX Application Thread] DEBUG GameApplicationServi - Clearing previous game
22:15:02.250 [JavaFX Application Thread] DEBUG GameScene            - Clearing game scene
22:15:02.251 [JavaFX Application Thread] DEBUG GameWorld            - Clearing game world
22:15:02.251 [JavaFX Application Thread] DEBUG PhysicsWorld         - Clearing physics world
22:15:02.255 [FXGL Background Thread 4 ] DEBUG FXGLApplication      - Initializing game
22:15:02.358 [FXGL Background Thread 4 ] DEBUG FXGLAssetLoaderServi - Loading from file system: file:/Volumes/AYUSH%20DRIVE/School%202022-23/M359%20AP%20CS%20Java%20A/CSA%20Final%20Project/target/classes/assets/textures/bucket.png
22:15:02.375 [JavaFX Application Thread] DEBUG FXGLApplication      - Registering font factories with UI factory
22:15:02.398 [FXGL Background Thread 4 ] DEBUG FXGLAssetLoaderServi - Loading from file system: file:/Volumes/AYUSH%20DRIVE/School%202022-23/M359%20AP%20CS%20Java%20A/CSA%20Final%20Project/target/classes/assets/music/bgm.mp3
22:15:04.590 [FXGL Background Thread 4 ] DEBUG AudioPlayer          - Playing music com.almasb.fxgl.audio.Music@28682ce5
22:15:04.663 [FXGL Background Thread 4 ] INFO  FXGLApplication      - Game initialization took: 2.405 sec
22:15:04.689 [JavaFX Application Thread] DEBUG Input                - Clearing active input actions
22:15:04.806 [JavaFX Application Thread] DEBUG GameApplicationServi - Removing overlay from FXGLLoadingScene and adding to GameScene
22:15:04.809 [JavaFX Application Thread] DEBUG PrimaryStageWindow   - FXGLLoadingScene -> GameScene
22:15:04.893 [FXGL Background Thread 3 ] DEBUG Engine               - Logging environment variables
22:15:04.901 [FXGL Background Thread 3 ] DEBUG Engine               - achievements: []
22:15:04.902 [FXGL Background Thread 3 ] DEBUG Engine               - actualHeight: 875.0
22:15:04.902 [FXGL Background Thread 3 ] DEBUG Engine               - actualHeightProperty: ReadOnlyDoubleProperty [value: 875.0]
22:15:04.902 [FXGL Background Thread 3 ] DEBUG Engine               - actualWidth: 850.0
22:15:04.902 [FXGL Background Thread 3 ] DEBUG Engine               - actualWidthProperty: ReadOnlyDoubleProperty [value: 850.0]
22:15:04.902 [FXGL Background Thread 3 ] DEBUG Engine               - appIcon: fxgl_icon.png
22:15:04.902 [FXGL Background Thread 3 ] DEBUG Engine               - applicationMode: DEVELOPER
22:15:04.902 [FXGL Background Thread 3 ] DEBUG Engine               - cSSList: [fxgl_dark.css]
22:15:04.902 [FXGL Background Thread 3 ] DEBUG Engine               - collisionDetectionStrategy: BRUTE_FORCE
22:15:04.903 [FXGL Background Thread 3 ] DEBUG Engine               - configClass: Optional.empty
22:15:04.903 [FXGL Background Thread 3 ] DEBUG Engine               - credits: []
22:15:04.903 [FXGL Background Thread 3 ] DEBUG Engine               - defaultCursor: CursorInfo(imageName=fxgl_default_cursor.png, hotspotX=7.0, hotspotY=6.0)
22:15:04.906 [FXGL Background Thread 3 ] DEBUG Engine               - devBBoxColorProperty: ObjectProperty [value: 0xff0000ff]
22:15:04.915 [FXGL Background Thread 3 ] DEBUG Engine               - devEnableDebugCameraProperty: BooleanProperty [value: false]
22:15:04.915 [FXGL Background Thread 3 ] DEBUG Engine               - devSensorColorProperty: ObjectProperty [value: 0xffff00ff]
22:15:04.916 [FXGL Background Thread 3 ] DEBUG Engine               - devShowBBoxProperty: BooleanProperty [value: false]
22:15:04.916 [FXGL Background Thread 3 ] DEBUG Engine               - devShowPositionProperty: BooleanProperty [value: false]
22:15:04.916 [FXGL Background Thread 3 ] DEBUG Engine               - enabledMenuItems: []
22:15:04.916 [FXGL Background Thread 3 ] DEBUG Engine               - engineServices: [class com.almasb.fxgl.app.services.FXGLAssetLoaderService, class com.almasb.fxgl.app.FXGLApplication$GameApplicationService, class com.almasb.fxgl.app.services.FXGLDialogService, class com.almasb.fxgl.app.services.IOTaskExecutorService, class com.almasb.fxgl.io.FileSystemService, class com.almasb.fxgl.localization.LocalizationService, class com.almasb.fxgl.app.services.SystemBundleService, class com.almasb.fxgl.profile.SaveLoadService, class com.almasb.fxgl.ui.FXGLUIFactoryServiceProvider, class com.almasb.fxgl.ui.FXGLDialogFactoryServiceProvider, class com.almasb.fxgl.audio.AudioPlayer, class com.almasb.fxgl.notification.impl.NotificationServiceProvider, class com.almasb.fxgl.achievement.AchievementService, class com.almasb.fxgl.cutscene.CutsceneService, class com.almasb.fxgl.minigames.MiniGameService, class com.almasb.fxgl.net.NetService, class com.almasb.fxgl.app.services.UpdaterService, class com.almasb.fxgl.dev.DevService]
22:15:04.916 [FXGL Background Thread 3 ] DEBUG Engine               - fontGame: Abel-Regular.ttf
22:15:04.916 [FXGL Background Thread 3 ] DEBUG Engine               - fontMono: lucida_console.ttf
22:15:04.916 [FXGL Background Thread 3 ] DEBUG Engine               - fontText: Courier-Prime.ttf
22:15:04.916 [FXGL Background Thread 3 ] DEBUG Engine               - fontUI: VarelaRound-Regular.ttf
22:15:04.917 [FXGL Background Thread 3 ] DEBUG Engine               - fullScreen: BooleanProperty [value: false]
22:15:04.917 [FXGL Background Thread 3 ] DEBUG Engine               - gameDifficulty: MEDIUM
22:15:04.917 [FXGL Background Thread 3 ] DEBUG Engine               - gameDifficultyProperty: ObjectProperty [value: MEDIUM]
22:15:04.917 [FXGL Background Thread 3 ] DEBUG Engine               - globalMusicVolume: 0.5
22:15:04.920 [FXGL Background Thread 3 ] DEBUG Engine               - globalMusicVolumeProperty: DoubleProperty [value: 0.5]
22:15:04.923 [FXGL Background Thread 3 ] DEBUG Engine               - globalSoundVolume: 0.5
22:15:04.923 [FXGL Background Thread 3 ] DEBUG Engine               - globalSoundVolumeProperty: DoubleProperty [value: 0.5]
22:15:04.923 [FXGL Background Thread 3 ] DEBUG Engine               - height: 1000
22:15:04.923 [FXGL Background Thread 3 ] DEBUG Engine               - is3D: false
22:15:04.923 [FXGL Background Thread 3 ] DEBUG Engine               - isAndroid: false
22:15:04.924 [FXGL Background Thread 3 ] DEBUG Engine               - isBrowser: false
22:15:04.924 [FXGL Background Thread 3 ] DEBUG Engine               - isClickFeedbackEnabled: false
22:15:04.924 [FXGL Background Thread 3 ] DEBUG Engine               - isCloseConfirmation: false
22:15:04.924 [FXGL Background Thread 3 ] DEBUG Engine               - isDesktop: true
22:15:04.924 [FXGL Background Thread 3 ] DEBUG Engine               - isDeveloperMenuEnabled: false
22:15:04.924 [FXGL Background Thread 3 ] DEBUG Engine               - isEntityPreloadEnabled: true
22:15:04.924 [FXGL Background Thread 3 ] DEBUG Engine               - isExperimentalTiledLargeMap: false
22:15:04.924 [FXGL Background Thread 3 ] DEBUG Engine               - isFileSystemWriteAllowed: true
22:15:04.924 [FXGL Background Thread 3 ] DEBUG Engine               - isFullScreenAllowed: false
22:15:04.924 [FXGL Background Thread 3 ] DEBUG Engine               - isFullScreenFromStart: false
22:15:04.924 [FXGL Background Thread 3 ] DEBUG Engine               - isGameMenuEnabled: true
22:15:04.927 [FXGL Background Thread 3 ] DEBUG Engine               - isIOS: false
22:15:04.930 [FXGL Background Thread 3 ] DEBUG Engine               - isIntroEnabled: false
22:15:04.931 [FXGL Background Thread 3 ] DEBUG Engine               - isLinux: false
22:15:04.931 [FXGL Background Thread 3 ] DEBUG Engine               - isMac: true
22:15:04.932 [FXGL Background Thread 3 ] DEBUG Engine               - isMainMenuEnabled: false
22:15:04.932 [FXGL Background Thread 3 ] DEBUG Engine               - isManualResizeEnabled: false
22:15:04.932 [FXGL Background Thread 3 ] DEBUG Engine               - isMobile: false
22:15:04.932 [FXGL Background Thread 3 ] DEBUG Engine               - isNative: false
22:15:04.932 [FXGL Background Thread 3 ] DEBUG Engine               - isPreserveResizeRatio: false
22:15:04.932 [FXGL Background Thread 3 ] DEBUG Engine               - isProfilingEnabled: false
22:15:04.932 [FXGL Background Thread 3 ] DEBUG Engine               - isScaleAffectedOnResize: true
22:15:04.932 [FXGL Background Thread 3 ] DEBUG Engine               - isSingleStep: false
22:15:04.932 [FXGL Background Thread 3 ] DEBUG Engine               - isUserProfileEnabled: false
22:15:04.933 [FXGL Background Thread 3 ] DEBUG Engine               - isWindows: false
22:15:04.933 [FXGL Background Thread 3 ] DEBUG Engine               - language: ObjectProperty [value: ENGLISH]
22:15:04.934 [FXGL Background Thread 3 ] DEBUG Engine               - menuKey: ESCAPE
22:15:04.937 [FXGL Background Thread 3 ] DEBUG Engine               - mouseSensitivity: 0.2
22:15:04.937 [FXGL Background Thread 3 ] DEBUG Engine               - notificationViewClass: class com.almasb.fxgl.notification.view.XboxNotificationView
22:15:04.937 [FXGL Background Thread 3 ] DEBUG Engine               - pixelsPerMeter: 50.0
22:15:04.937 [FXGL Background Thread 3 ] DEBUG Engine               - platform: MAC
22:15:04.938 [FXGL Background Thread 3 ] DEBUG Engine               - prefHeightProperty: ReadOnlyDoubleProperty [value: 1000.0]
22:15:04.938 [FXGL Background Thread 3 ] DEBUG Engine               - prefWidthProperty: ReadOnlyDoubleProperty [value: 1000.0]
22:15:04.938 [FXGL Background Thread 3 ] DEBUG Engine               - profileDir: profiles/
22:15:04.938 [FXGL Background Thread 3 ] DEBUG Engine               - profileName: StringProperty [value: DEFAULT]
22:15:04.938 [FXGL Background Thread 3 ] DEBUG Engine               - randomSeed: -1
22:15:04.939 [FXGL Background Thread 3 ] DEBUG Engine               - runtimeInfo: RuntimeInfo(platform=MAC, version=11.16, build=25.05.2021 08.16)
22:15:04.939 [FXGL Background Thread 3 ] DEBUG Engine               - saveFileExt: sav
22:15:04.939 [FXGL Background Thread 3 ] DEBUG Engine               - scaledHeightProp$fxgl: DoubleProperty [bound, value: 875.0]
22:15:04.949 [FXGL Background Thread 3 ] DEBUG Engine               - scaledWidthProp$fxgl: DoubleProperty [bound, value: 850.0]
22:15:04.952 [FXGL Background Thread 3 ] DEBUG Engine               - sceneFactory: com.almasb.fxgl.app.scene.SceneFactory@389af132
22:15:04.953 [FXGL Background Thread 3 ] DEBUG Engine               - secondsIn24h: 60
22:15:04.953 [FXGL Background Thread 3 ] DEBUG Engine               - soundMenuBack: menu/back.wav
22:15:04.953 [FXGL Background Thread 3 ] DEBUG Engine               - soundMenuPress: menu/press.wav
22:15:04.953 [FXGL Background Thread 3 ] DEBUG Engine               - soundMenuSelect: menu/select.wav
22:15:04.953 [FXGL Background Thread 3 ] DEBUG Engine               - soundNotification: core/notification.wav
22:15:04.953 [FXGL Background Thread 3 ] DEBUG Engine               - stageStyle: DECORATED
22:15:04.953 [FXGL Background Thread 3 ] DEBUG Engine               - supportedLanguages: [ENGLISH, FRENCH, GERMAN, HUNGARIAN, RUSSIAN]
22:15:04.953 [FXGL Background Thread 3 ] DEBUG Engine               - ticksPerSecond: -1
22:15:04.953 [FXGL Background Thread 3 ] DEBUG Engine               - title: Zombs
22:15:04.953 [FXGL Background Thread 3 ] DEBUG Engine               - urlGithub: https://github.com/AlmasB/FXGL
22:15:04.953 [FXGL Background Thread 3 ] DEBUG Engine               - urlLeaderboard: http://fxgl-top.herokuapp.com/
22:15:04.953 [FXGL Background Thread 3 ] DEBUG Engine               - urlPOM: https://raw.githubusercontent.com/AlmasB/FXGL/release/README.md
22:15:04.953 [FXGL Background Thread 3 ] DEBUG Engine               - userAppClass: class com.almasb.fxglgames.drop.DropApp
22:15:04.954 [FXGL Background Thread 3 ] DEBUG Engine               - version: 1.0
22:15:04.954 [FXGL Background Thread 3 ] DEBUG Engine               - versionCheckDays: 7
22:15:04.954 [FXGL Background Thread 3 ] DEBUG Engine               - width: 1000
22:15:04.954 [FXGL Background Thread 3 ] DEBUG Engine               - Logging services
22:15:04.954 [FXGL Background Thread 3 ] DEBUG Engine               - class com.almasb.fxgl.app.services.FXGLAssetLoaderService
22:15:04.956 [FXGL Background Thread 3 ] DEBUG Engine               - class com.almasb.fxgl.app.FXGLApplication$GameApplicationService
22:15:04.956 [FXGL Background Thread 3 ] DEBUG Engine               - class com.almasb.fxgl.app.services.FXGLDialogService
22:15:04.956 [FXGL Background Thread 3 ] DEBUG Engine               - class com.almasb.fxgl.app.services.IOTaskExecutorService
22:15:04.956 [FXGL Background Thread 3 ] DEBUG Engine               - class com.almasb.fxgl.io.FileSystemService
22:15:04.956 [FXGL Background Thread 3 ] DEBUG Engine               - class com.almasb.fxgl.localization.LocalizationService
22:15:04.956 [FXGL Background Thread 3 ] DEBUG Engine               - class com.almasb.fxgl.app.services.SystemBundleService
22:15:04.957 [FXGL Background Thread 3 ] DEBUG Engine               - class com.almasb.fxgl.profile.SaveLoadService
22:15:04.957 [FXGL Background Thread 3 ] DEBUG Engine               - class com.almasb.fxgl.ui.FXGLUIFactoryServiceProvider
22:15:04.957 [FXGL Background Thread 3 ] DEBUG Engine               - class com.almasb.fxgl.ui.FXGLDialogFactoryServiceProvider
22:15:04.958 [FXGL Background Thread 3 ] DEBUG Engine               - class com.almasb.fxgl.audio.AudioPlayer
22:15:04.958 [FXGL Background Thread 3 ] DEBUG Engine               - class com.almasb.fxgl.notification.impl.NotificationServiceProvider
22:15:04.958 [FXGL Background Thread 3 ] DEBUG Engine               - class com.almasb.fxgl.achievement.AchievementService
22:15:04.958 [FXGL Background Thread 3 ] DEBUG Engine               - class com.almasb.fxgl.cutscene.CutsceneService
22:15:04.958 [FXGL Background Thread 3 ] DEBUG Engine               - class com.almasb.fxgl.minigames.MiniGameService
22:15:04.958 [FXGL Background Thread 3 ] DEBUG Engine               - class com.almasb.fxgl.net.NetService
22:15:04.958 [FXGL Background Thread 3 ] DEBUG Engine               - class com.almasb.fxgl.app.services.UpdaterService
22:15:04.958 [FXGL Background Thread 3 ] DEBUG Engine               - class com.almasb.fxgl.dev.DevService
22:15:04.970 [FXGL Background Thread 2 ] INFO  UpdaterService       - Your current version:  11.16
22:15:05.004 [FXGL Background Thread 2 ] INFO  UpdaterService       - Latest stable version: 17.3
22:15:05.136 [JavaFX Application Thread] DEBUG FXGLAssetLoaderServi - Loading from file system: file:/Volumes/AYUSH%20DRIVE/School%202022-23/M359%20AP%20CS%20Java%20A/CSA%20Final%20Project/target/classes/assets/textures/droplet.png
22:15:14.951 [JavaFX Application Thread] DEBUG FXGLAssetLoaderServi - Loading from file system: file:/Volumes/AYUSH%20DRIVE/School%202022-23/M359%20AP%20CS%20Java%20A/CSA%20Final%20Project/target/classes/assets/sounds/drop.wav
22:15:17.677 [JavaFX Application Thread] DEBUG FXGLApplication      - Exiting FXGL
22:15:17.678 [JavaFX Application Thread] DEBUG LoopRunner           - Stopping loop
22:15:17.678 [JavaFX Application Thread] DEBUG SystemBundleService  - Saving FXGL system data
22:15:17.692 [JavaFX Application Thread] DEBUG FileSystemAccess     - Writing to: /Volumes/AYUSH DRIVE/School 2022-23/M359 AP CS Java A/CSA Final Project/system/fxgl.bundle
22:15:17.775 [JavaFX Application Thread] DEBUG Async                - Shutting down background threads
22:15:17.776 [JavaFX Application Thread] DEBUG PrimaryStageWindow   - Closing main window
22:15:17.906 [JavaFX Application Thread] DEBUG Logger               - Closing Logger
