12:44:09.429 [main                     ] DEBUG Logger               - Configured Logger
12:44:09.435 [main                     ] DEBUG GameApplication      - Logging settings
Title: Zombs
Version: 1.0
Width: 480
Height: 800
Fullscreen: false
Intro: false
Profiling: false
Single step:false
App Mode: DEVELOPER
Menu Key: ESCAPE
Stage Style: DECORATED
Scene Factory: class com.almasb.fxgl.app.scene.SceneFactory

12:44:10.032 [JavaFX Application Thread] DEBUG FXGLApplication      - Initializing FXGL
12:44:10.034 [JavaFX Application Thread] INFO  Engine               - FXGL-11.16 (25.05.2021 08.16) on MAC (J:20 FX:16)
12:44:10.035 [JavaFX Application Thread] DEBUG Engine               - JRE Vendor Name: Oracle Corporation
12:44:10.035 [JavaFX Application Thread] DEBUG Engine               - Running on OS: Mac OS X version 13.2.1
12:44:10.035 [JavaFX Application Thread] DEBUG Engine               - Architecture: x86_64
12:44:10.035 [JavaFX Application Thread] INFO  Engine               - Source code and latest versions at: https://github.com/AlmasB/FXGL
12:44:10.036 [JavaFX Application Thread] INFO  Engine               -              Join the FXGL chat at: https://gitter.im/AlmasB/FXGL
12:44:10.145 [JavaFX Application Thread] DEBUG PrimaryStageWindow   - Creating a JavaFX scene
12:44:10.199 [JavaFX Application Thread] DEBUG PrimaryStageWindow   - Target settings size: 480.0 x 800.0
12:44:10.199 [JavaFX Application Thread] DEBUG PrimaryStageWindow   - Scaled scene size:    480.0 x 800.0
12:44:10.199 [JavaFX Application Thread] DEBUG PrimaryStageWindow   - Scaled ratio: (1.0, 1.0)
12:44:10.200 [JavaFX Application Thread] DEBUG PrimaryStageWindow   - Set initial scene to FXGLStartupScene
12:44:10.206 [JavaFX Application Thread] DEBUG PrimaryStageWindow   - Opening main window
12:44:10.307 [JavaFX Application Thread] DEBUG PrimaryStageWindow   - Window border size: (0.0, 28.0)
12:44:10.307 [JavaFX Application Thread] DEBUG PrimaryStageWindow   - Scaled size: 480.0 x 800.0
12:44:10.307 [JavaFX Application Thread] DEBUG PrimaryStageWindow   - Scaled ratio: (1.0, 1.0)
12:44:10.307 [JavaFX Application Thread] DEBUG PrimaryStageWindow   - Scene size: 480.0 x 800.0
12:44:10.308 [JavaFX Application Thread] DEBUG PrimaryStageWindow   - Stage size: 480.0 x 828.0
12:44:10.315 [FXGL Background Thread 1 ] DEBUG Engine               - Initializing environment variables
12:44:10.384 [FXGL Background Thread 1 ] DEBUG FXGLAssetLoaderServi - User app class for loading assets: class com.almasb.fxglgames.drop.DropApp
12:44:10.385 [FXGL Background Thread 1 ] DEBUG GameApplicationServi - Applying CSS: fxgl_dark.css
12:44:10.386 [FXGL Background Thread 1 ] DEBUG FXGLAssetLoaderServi - Loading from file system: jar:file:///Users/digprog/.m2/repository/com/github/almasb/fxgl/11.16/fxgl-11.16.jar!/fxglassets/ui/css/fxgl_dark.css
12:44:10.513 [FXGL Background Thread 1 ] DEBUG GameApplicationServi - Initializing application scenes
12:44:10.791 [FXGL Background Thread 1 ] DEBUG GameWorld            - Game world initialized
12:44:10.870 [FXGL Background Thread 1 ] DEBUG PhysicsWorld         - Physics world initialized: appHeight=800, physics.ppm=50.0
12:44:10.871 [FXGL Background Thread 1 ] DEBUG PhysicsWorld         - Using strategy: BRUTE_FORCE
12:44:10.876 [FXGL Background Thread 1 ] DEBUG GameScene            - Game scene initialized: 480x800
12:44:10.890 [FXGL Background Thread 1 ] WARN  FXGL.DefaultMenu     - FXGLDefaultMenu is not designed for resolutions < 800x600
12:44:10.890 [FXGL Background Thread 1 ] DEBUG FXGL.DefaultMenu     - createMenuBodyGameMenu()
12:44:10.905 [FXGL Background Thread 1 ] DEBUG FXGL.DefaultMenu     - createOptionsMenu()
12:44:10.915 [FXGL Background Thread 1 ] DEBUG FXGLAssetLoaderServi - Loading from file system: jar:file:///Users/digprog/.m2/repository/com/github/almasb/fxgl/11.16/fxgl-11.16.jar!/fxglassets/textures/particles/smoke.png
12:44:11.071 [FXGL Background Thread 1 ] DEBUG FXGLAssetLoaderServi - Loading from file system: jar:file:///Users/digprog/.m2/repository/com/github/almasb/fxgl/11.16/fxgl-11.16.jar!/fxglassets/textures/particles/trace_horizontal.png
12:44:11.117 [FXGL Background Thread 1 ] DEBUG GameApplicationServi - Application scenes initialized
12:44:11.132 [FXGL Background Thread 1 ] DEBUG SystemBundleService  - Loading FXGL system data
12:44:11.138 [FXGL Background Thread 1 ] DEBUG FileSystemAccess     - Reading from: /Volumes/AYUSH DRIVE/School 2022-23/M359 AP CS Java A/CSA Final Project/system/fxgl.bundle
12:44:11.151 [FXGL Background Thread 1 ] DEBUG SystemBundleService  - Bundle FXGL: {}
12:44:11.151 [FXGL Background Thread 1 ] DEBUG UpdaterService       - Checking for updates
12:44:11.156 [FXGL Background Thread 4 ] DEBUG FXGLApplication      - Loading fonts
12:44:11.157 [FXGL Background Thread 4 ] DEBUG FXGLAssetLoaderServi - Loading from file system: jar:file:///Users/digprog/.m2/repository/com/github/almasb/fxgl/11.16/fxgl-11.16.jar!/fxglassets/ui/fonts/VarelaRound-Regular.ttf
12:44:11.157 [FXGL Background Thread 1 ] DEBUG FXGLApplication      - Loading default localization
12:44:11.157 [FXGL Background Thread 1 ] DEBUG FXGLAssetLoaderServi - Loading from file system: jar:file:///Users/digprog/.m2/repository/com/github/almasb/fxgl/11.16/fxgl-11.16.jar!/fxglassets/languages/english.lang
12:44:11.176 [FXGL Background Thread 1 ] INFO  FXGLApplication      - FXGL initialization took: 0.861 sec
12:44:11.177 [FXGL Background Thread 4 ] DEBUG FXGLAssetLoaderServi - Loading from file system: jar:file:///Users/digprog/.m2/repository/com/github/almasb/fxgl/11.16/fxgl-11.16.jar!/fxglassets/ui/fonts/Abel-Regular.ttf
12:44:11.177 [JavaFX Application Thread] DEBUG FXGLAssetLoaderServi - Loading from file system: jar:file:///Users/digprog/.m2/repository/com/github/almasb/fxgl/11.16/fxgl-11.16.jar!/fxglassets/textures/fxgl_icon.png
12:44:11.183 [FXGL Background Thread 4 ] DEBUG FXGLAssetLoaderServi - Loading from file system: jar:file:///Users/digprog/.m2/repository/com/github/almasb/fxgl/11.16/fxgl-11.16.jar!/fxglassets/ui/fonts/lucida_console.ttf
12:44:11.190 [FXGL Background Thread 4 ] DEBUG FXGLAssetLoaderServi - Loading from file system: jar:file:///Users/digprog/.m2/repository/com/github/almasb/fxgl/11.16/fxgl-11.16.jar!/fxglassets/ui/fonts/Courier-Prime.ttf
12:44:11.214 [JavaFX Application Thread] DEBUG FXGLAssetLoaderServi - Loading from file system: jar:file:///Users/digprog/.m2/repository/com/github/almasb/fxgl/11.16/fxgl-11.16.jar!/fxglassets/textures/fxgl_default_cursor.png
12:44:11.229 [JavaFX Application Thread] DEBUG Input                - Registered new binding: Screenshot - CTRL+8
12:44:11.230 [JavaFX Application Thread] DEBUG Input                - Registered new binding: System info dump - CTRL+9
12:44:11.230 [JavaFX Application Thread] DEBUG Input                - Registered new binding: Restart - CTRL+R
12:44:11.231 [JavaFX Application Thread] DEBUG Input                - Registered new binding: Toggle Debug Camera - CTRL+C
12:44:11.233 [JavaFX Application Thread] DEBUG LoopRunner           - Starting loop
12:44:11.234 [JavaFX Application Thread] DEBUG LoopRunner           - Initializing JavaFX AnimationTimerLoop
12:44:11.235 [JavaFX Application Thread] DEBUG GameApplicationServi - Starting new game
12:44:11.236 [JavaFX Application Thread] DEBUG Input                - Clearing active input actions
12:44:11.263 [JavaFX Application Thread] DEBUG GameApplicationServi - Removing overlay from FXGLStartupScene and adding to FXGLLoadingScene
12:44:11.264 [JavaFX Application Thread] DEBUG PrimaryStageWindow   - FXGLStartupScene -> FXGLLoadingScene
12:44:11.264 [JavaFX Application Thread] DEBUG GameApplicationServi - Clearing previous game
12:44:11.264 [JavaFX Application Thread] DEBUG GameScene            - Clearing game scene
12:44:11.264 [JavaFX Application Thread] DEBUG GameWorld            - Clearing game world
12:44:11.264 [JavaFX Application Thread] DEBUG PhysicsWorld         - Clearing physics world
12:44:11.266 [FXGL Background Thread 4 ] DEBUG FXGLApplication      - Initializing game
12:44:11.271 [FXGL Background Thread 4 ] DEBUG FXGLAssetLoaderServi - Loading from file system: file:/Volumes/AYUSH%20DRIVE/School%202022-23/M359%20AP%20CS%20Java%20A/CSA%20Final%20Project/target/classes/assets/textures/bucket.png
12:44:11.299 [FXGL Background Thread 4 ] DEBUG FXGLAssetLoaderServi - Loading from file system: file:/Volumes/AYUSH%20DRIVE/School%202022-23/M359%20AP%20CS%20Java%20A/CSA%20Final%20Project/target/classes/assets/music/bgm.mp3
12:44:11.335 [JavaFX Application Thread] DEBUG FXGLApplication      - Registering font factories with UI factory
12:44:11.856 [FXGL Background Thread 2 ] INFO  UpdaterService       - Your current version:  11.16
12:44:11.857 [FXGL Background Thread 2 ] INFO  UpdaterService       - Latest stable version: 17.3
12:44:12.353 [FXGL Background Thread 4 ] DEBUG AudioPlayer          - Playing music com.almasb.fxgl.audio.Music@4225220
12:44:12.357 [FXGL Background Thread 4 ] INFO  FXGLApplication      - Game initialization took: 1.091 sec
12:44:12.358 [JavaFX Application Thread] DEBUG Input                - Clearing active input actions
12:44:12.366 [JavaFX Application Thread] DEBUG GameApplicationServi - Removing overlay from FXGLLoadingScene and adding to GameScene
12:44:12.366 [JavaFX Application Thread] DEBUG PrimaryStageWindow   - FXGLLoadingScene -> GameScene
12:44:13.363 [JavaFX Application Thread] DEBUG FXGLAssetLoaderServi - Loading from file system: file:/Volumes/AYUSH%20DRIVE/School%202022-23/M359%20AP%20CS%20Java%20A/CSA%20Final%20Project/target/classes/assets/textures/droplet.png
12:44:14.155 [FXGL Background Thread 3 ] DEBUG Engine               - Logging environment variables
12:44:14.155 [FXGL Background Thread 3 ] DEBUG Engine               - achievements: []
12:44:14.155 [FXGL Background Thread 3 ] DEBUG Engine               - actualHeight: 800.0
12:44:14.156 [FXGL Background Thread 3 ] DEBUG Engine               - actualHeightProperty: ReadOnlyDoubleProperty [value: 800.0]
12:44:14.156 [FXGL Background Thread 3 ] DEBUG Engine               - actualWidth: 480.0
12:44:14.156 [FXGL Background Thread 3 ] DEBUG Engine               - actualWidthProperty: ReadOnlyDoubleProperty [value: 480.0]
12:44:14.156 [FXGL Background Thread 3 ] DEBUG Engine               - appIcon: fxgl_icon.png
12:44:14.156 [FXGL Background Thread 3 ] DEBUG Engine               - applicationMode: DEVELOPER
12:44:14.156 [FXGL Background Thread 3 ] DEBUG Engine               - cSSList: [fxgl_dark.css]
12:44:14.156 [FXGL Background Thread 3 ] DEBUG Engine               - collisionDetectionStrategy: BRUTE_FORCE
12:44:14.156 [FXGL Background Thread 3 ] DEBUG Engine               - configClass: Optional.empty
12:44:14.156 [FXGL Background Thread 3 ] DEBUG Engine               - credits: []
12:44:14.156 [FXGL Background Thread 3 ] DEBUG Engine               - defaultCursor: CursorInfo(imageName=fxgl_default_cursor.png, hotspotX=7.0, hotspotY=6.0)
12:44:14.156 [FXGL Background Thread 3 ] DEBUG Engine               - devBBoxColorProperty: ObjectProperty [value: 0xff0000ff]
12:44:14.157 [FXGL Background Thread 3 ] DEBUG Engine               - devEnableDebugCameraProperty: BooleanProperty [value: false]
12:44:14.157 [FXGL Background Thread 3 ] DEBUG Engine               - devSensorColorProperty: ObjectProperty [value: 0xffff00ff]
12:44:14.157 [FXGL Background Thread 3 ] DEBUG Engine               - devShowBBoxProperty: BooleanProperty [value: false]
12:44:14.157 [FXGL Background Thread 3 ] DEBUG Engine               - devShowPositionProperty: BooleanProperty [value: false]
12:44:14.157 [FXGL Background Thread 3 ] DEBUG Engine               - enabledMenuItems: []
12:44:14.157 [FXGL Background Thread 3 ] DEBUG Engine               - engineServices: [class com.almasb.fxgl.app.services.FXGLAssetLoaderService, class com.almasb.fxgl.app.FXGLApplication$GameApplicationService, class com.almasb.fxgl.app.services.FXGLDialogService, class com.almasb.fxgl.app.services.IOTaskExecutorService, class com.almasb.fxgl.io.FileSystemService, class com.almasb.fxgl.localization.LocalizationService, class com.almasb.fxgl.app.services.SystemBundleService, class com.almasb.fxgl.profile.SaveLoadService, class com.almasb.fxgl.ui.FXGLUIFactoryServiceProvider, class com.almasb.fxgl.ui.FXGLDialogFactoryServiceProvider, class com.almasb.fxgl.audio.AudioPlayer, class com.almasb.fxgl.notification.impl.NotificationServiceProvider, class com.almasb.fxgl.achievement.AchievementService, class com.almasb.fxgl.cutscene.CutsceneService, class com.almasb.fxgl.minigames.MiniGameService, class com.almasb.fxgl.net.NetService, class com.almasb.fxgl.app.services.UpdaterService, class com.almasb.fxgl.dev.DevService]
12:44:14.157 [FXGL Background Thread 3 ] DEBUG Engine               - fontGame: Abel-Regular.ttf
12:44:14.157 [FXGL Background Thread 3 ] DEBUG Engine               - fontMono: lucida_console.ttf
12:44:14.157 [FXGL Background Thread 3 ] DEBUG Engine               - fontText: Courier-Prime.ttf
12:44:14.157 [FXGL Background Thread 3 ] DEBUG Engine               - fontUI: VarelaRound-Regular.ttf
12:44:14.157 [FXGL Background Thread 3 ] DEBUG Engine               - fullScreen: BooleanProperty [value: false]
12:44:14.157 [FXGL Background Thread 3 ] DEBUG Engine               - gameDifficulty: MEDIUM
12:44:14.158 [FXGL Background Thread 3 ] DEBUG Engine               - gameDifficultyProperty: ObjectProperty [value: MEDIUM]
12:44:14.158 [FXGL Background Thread 3 ] DEBUG Engine               - globalMusicVolume: 0.5
12:44:14.158 [FXGL Background Thread 3 ] DEBUG Engine               - globalMusicVolumeProperty: DoubleProperty [value: 0.5]
12:44:14.158 [FXGL Background Thread 3 ] DEBUG Engine               - globalSoundVolume: 0.5
12:44:14.158 [FXGL Background Thread 3 ] DEBUG Engine               - globalSoundVolumeProperty: DoubleProperty [value: 0.5]
12:44:14.158 [FXGL Background Thread 3 ] DEBUG Engine               - height: 800
12:44:14.158 [FXGL Background Thread 3 ] DEBUG Engine               - is3D: false
12:44:14.158 [FXGL Background Thread 3 ] DEBUG Engine               - isAndroid: false
12:44:14.158 [FXGL Background Thread 3 ] DEBUG Engine               - isBrowser: false
12:44:14.158 [FXGL Background Thread 3 ] DEBUG Engine               - isClickFeedbackEnabled: false
12:44:14.158 [FXGL Background Thread 3 ] DEBUG Engine               - isCloseConfirmation: false
12:44:14.158 [FXGL Background Thread 3 ] DEBUG Engine               - isDesktop: true
12:44:14.158 [FXGL Background Thread 3 ] DEBUG Engine               - isDeveloperMenuEnabled: false
12:44:14.159 [FXGL Background Thread 3 ] DEBUG Engine               - isEntityPreloadEnabled: true
12:44:14.159 [FXGL Background Thread 3 ] DEBUG Engine               - isExperimentalTiledLargeMap: false
12:44:14.159 [FXGL Background Thread 3 ] DEBUG Engine               - isFileSystemWriteAllowed: true
12:44:14.159 [FXGL Background Thread 3 ] DEBUG Engine               - isFullScreenAllowed: false
12:44:14.159 [FXGL Background Thread 3 ] DEBUG Engine               - isFullScreenFromStart: false
12:44:14.159 [FXGL Background Thread 3 ] DEBUG Engine               - isGameMenuEnabled: true
12:44:14.159 [FXGL Background Thread 3 ] DEBUG Engine               - isIOS: false
12:44:14.159 [FXGL Background Thread 3 ] DEBUG Engine               - isIntroEnabled: false
12:44:14.159 [FXGL Background Thread 3 ] DEBUG Engine               - isLinux: false
12:44:14.159 [FXGL Background Thread 3 ] DEBUG Engine               - isMac: true
12:44:14.159 [FXGL Background Thread 3 ] DEBUG Engine               - isMainMenuEnabled: false
12:44:14.159 [FXGL Background Thread 3 ] DEBUG Engine               - isManualResizeEnabled: false
12:44:14.159 [FXGL Background Thread 3 ] DEBUG Engine               - isMobile: false
12:44:14.159 [FXGL Background Thread 3 ] DEBUG Engine               - isNative: false
12:44:14.160 [FXGL Background Thread 3 ] DEBUG Engine               - isPreserveResizeRatio: false
12:44:14.160 [FXGL Background Thread 3 ] DEBUG Engine               - isProfilingEnabled: false
12:44:14.160 [FXGL Background Thread 3 ] DEBUG Engine               - isScaleAffectedOnResize: true
12:44:14.160 [FXGL Background Thread 3 ] DEBUG Engine               - isSingleStep: false
12:44:14.160 [FXGL Background Thread 3 ] DEBUG Engine               - isUserProfileEnabled: false
12:44:14.160 [FXGL Background Thread 3 ] DEBUG Engine               - isWindows: false
12:44:14.160 [FXGL Background Thread 3 ] DEBUG Engine               - language: ObjectProperty [value: ENGLISH]
12:44:14.160 [FXGL Background Thread 3 ] DEBUG Engine               - menuKey: ESCAPE
12:44:14.160 [FXGL Background Thread 3 ] DEBUG Engine               - mouseSensitivity: 0.2
12:44:14.160 [FXGL Background Thread 3 ] DEBUG Engine               - notificationViewClass: class com.almasb.fxgl.notification.view.XboxNotificationView
12:44:14.160 [FXGL Background Thread 3 ] DEBUG Engine               - pixelsPerMeter: 50.0
12:44:14.160 [FXGL Background Thread 3 ] DEBUG Engine               - platform: MAC
12:44:14.160 [FXGL Background Thread 3 ] DEBUG Engine               - prefHeightProperty: ReadOnlyDoubleProperty [value: 800.0]
12:44:14.160 [FXGL Background Thread 3 ] DEBUG Engine               - prefWidthProperty: ReadOnlyDoubleProperty [value: 480.0]
12:44:14.161 [FXGL Background Thread 3 ] DEBUG Engine               - profileDir: profiles/
12:44:14.161 [FXGL Background Thread 3 ] DEBUG Engine               - profileName: StringProperty [value: DEFAULT]
12:44:14.161 [FXGL Background Thread 3 ] DEBUG Engine               - randomSeed: -1
12:44:14.161 [FXGL Background Thread 3 ] DEBUG Engine               - runtimeInfo: RuntimeInfo(platform=MAC, version=11.16, build=25.05.2021 08.16)
12:44:14.161 [FXGL Background Thread 3 ] DEBUG Engine               - saveFileExt: sav
12:44:14.161 [FXGL Background Thread 3 ] DEBUG Engine               - scaledHeightProp$fxgl: DoubleProperty [bound, value: 800.0]
12:44:14.161 [FXGL Background Thread 3 ] DEBUG Engine               - scaledWidthProp$fxgl: DoubleProperty [bound, value: 480.0]
12:44:14.161 [FXGL Background Thread 3 ] DEBUG Engine               - sceneFactory: com.almasb.fxgl.app.scene.SceneFactory@5887ebb4
12:44:14.161 [FXGL Background Thread 3 ] DEBUG Engine               - secondsIn24h: 60
12:44:14.161 [FXGL Background Thread 3 ] DEBUG Engine               - soundMenuBack: menu/back.wav
12:44:14.161 [FXGL Background Thread 3 ] DEBUG Engine               - soundMenuPress: menu/press.wav
12:44:14.161 [FXGL Background Thread 3 ] DEBUG Engine               - soundMenuSelect: menu/select.wav
12:44:14.161 [FXGL Background Thread 3 ] DEBUG Engine               - soundNotification: core/notification.wav
12:44:14.161 [FXGL Background Thread 3 ] DEBUG Engine               - stageStyle: DECORATED
12:44:14.162 [FXGL Background Thread 3 ] DEBUG Engine               - supportedLanguages: [ENGLISH, FRENCH, GERMAN, HUNGARIAN, RUSSIAN]
12:44:14.162 [FXGL Background Thread 3 ] DEBUG Engine               - ticksPerSecond: -1
12:44:14.162 [FXGL Background Thread 3 ] DEBUG Engine               - title: Zombs
12:44:14.162 [FXGL Background Thread 3 ] DEBUG Engine               - urlGithub: https://github.com/AlmasB/FXGL
12:44:14.162 [FXGL Background Thread 3 ] DEBUG Engine               - urlLeaderboard: http://fxgl-top.herokuapp.com/
12:44:14.162 [FXGL Background Thread 3 ] DEBUG Engine               - urlPOM: https://raw.githubusercontent.com/AlmasB/FXGL/release/README.md
12:44:14.162 [FXGL Background Thread 3 ] DEBUG Engine               - userAppClass: class com.almasb.fxglgames.drop.DropApp
12:44:14.162 [FXGL Background Thread 3 ] DEBUG Engine               - version: 1.0
12:44:14.162 [FXGL Background Thread 3 ] DEBUG Engine               - versionCheckDays: 7
12:44:14.162 [FXGL Background Thread 3 ] DEBUG Engine               - width: 480
12:44:14.162 [FXGL Background Thread 3 ] DEBUG Engine               - Logging services
12:44:14.162 [FXGL Background Thread 3 ] DEBUG Engine               - class com.almasb.fxgl.app.services.FXGLAssetLoaderService
12:44:14.162 [FXGL Background Thread 3 ] DEBUG Engine               - class com.almasb.fxgl.app.FXGLApplication$GameApplicationService
12:44:14.163 [FXGL Background Thread 3 ] DEBUG Engine               - class com.almasb.fxgl.app.services.FXGLDialogService
12:44:14.163 [FXGL Background Thread 3 ] DEBUG Engine               - class com.almasb.fxgl.app.services.IOTaskExecutorService
12:44:14.163 [FXGL Background Thread 3 ] DEBUG Engine               - class com.almasb.fxgl.io.FileSystemService
12:44:14.163 [FXGL Background Thread 3 ] DEBUG Engine               - class com.almasb.fxgl.localization.LocalizationService
12:44:14.163 [FXGL Background Thread 3 ] DEBUG Engine               - class com.almasb.fxgl.app.services.SystemBundleService
12:44:14.163 [FXGL Background Thread 3 ] DEBUG Engine               - class com.almasb.fxgl.profile.SaveLoadService
12:44:14.163 [FXGL Background Thread 3 ] DEBUG Engine               - class com.almasb.fxgl.ui.FXGLUIFactoryServiceProvider
12:44:14.163 [FXGL Background Thread 3 ] DEBUG Engine               - class com.almasb.fxgl.ui.FXGLDialogFactoryServiceProvider
12:44:14.163 [FXGL Background Thread 3 ] DEBUG Engine               - class com.almasb.fxgl.audio.AudioPlayer
12:44:14.163 [FXGL Background Thread 3 ] DEBUG Engine               - class com.almasb.fxgl.notification.impl.NotificationServiceProvider
12:44:14.163 [FXGL Background Thread 3 ] DEBUG Engine               - class com.almasb.fxgl.achievement.AchievementService
12:44:14.163 [FXGL Background Thread 3 ] DEBUG Engine               - class com.almasb.fxgl.cutscene.CutsceneService
12:44:14.163 [FXGL Background Thread 3 ] DEBUG Engine               - class com.almasb.fxgl.minigames.MiniGameService
12:44:14.163 [FXGL Background Thread 3 ] DEBUG Engine               - class com.almasb.fxgl.net.NetService
12:44:14.163 [FXGL Background Thread 3 ] DEBUG Engine               - class com.almasb.fxgl.app.services.UpdaterService
12:44:14.163 [FXGL Background Thread 3 ] DEBUG Engine               - class com.almasb.fxgl.dev.DevService
12:44:18.028 [JavaFX Application Thread] DEBUG FXGLApplication      - Exiting FXGL
12:44:18.028 [JavaFX Application Thread] DEBUG LoopRunner           - Stopping loop
12:44:18.028 [JavaFX Application Thread] DEBUG SystemBundleService  - Saving FXGL system data
12:44:18.030 [JavaFX Application Thread] DEBUG FileSystemAccess     - Writing to: /Volumes/AYUSH DRIVE/School 2022-23/M359 AP CS Java A/CSA Final Project/system/fxgl.bundle
12:44:18.032 [JavaFX Application Thread] DEBUG Async                - Shutting down background threads
12:44:18.032 [JavaFX Application Thread] DEBUG PrimaryStageWindow   - Closing main window
12:44:18.041 [JavaFX Application Thread] DEBUG Logger               - Closing Logger
